[2019-11-22 08:55:23] production.ERROR: Swift_TransportException: Process could not be started [The system cannot find the path specified.
] in C:\xampp\htdocs\forum\vendor\swiftmailer\swiftmailer\lib\classes\Swift\Transport\StreamBuffer.php:302
Stack trace:
#0 C:\xampp\htdocs\forum\vendor\swiftmailer\swiftmailer\lib\classes\Swift\Transport\StreamBuffer.php(54): Swift_Transport_StreamBuffer->establishProcessConnection()
#1 C:\xampp\htdocs\forum\vendor\swiftmailer\swiftmailer\lib\classes\Swift\Transport\AbstractSmtpTransport.php(143): Swift_Transport_StreamBuffer->initialize(Array)
#2 C:\xampp\htdocs\forum\vendor\swiftmailer\swiftmailer\lib\classes\Swift\Transport\SendmailTransport.php(50): Swift_Transport_AbstractSmtpTransport->start()
#3 C:\xampp\htdocs\forum\vendor\swiftmailer\swiftmailer\lib\classes\Swift\Mailer.php(65): Swift_Transport_SendmailTransport->start()
#4 C:\xampp\htdocs\forum\vendor\illuminate\mail\Mailer.php(483): Swift_Mailer->send(Object(Swift_Message), Array)
#5 C:\xampp\htdocs\forum\vendor\illuminate\mail\Mailer.php(259): Illuminate\Mail\Mailer->sendSwiftMessage(Object(Swift_Message))
#6 C:\xampp\htdocs\forum\vendor\illuminate\mail\Mailer.php(183): Illuminate\Mail\Mailer->send(NULL, Array, Object(Closure))
#7 C:\xampp\htdocs\forum\vendor\flarum\core\src\User\AccountActivationMailer.php(72): Illuminate\Mail\Mailer->raw('Hey hamdan_dz!\n...', Object(Closure))
#8 [internal function]: Flarum\User\AccountActivationMailer->handle(Object(Flarum\User\Event\Registered))
#9 C:\xampp\htdocs\forum\vendor\illuminate\events\Dispatcher.php(379): call_user_func_array(Array, Array)
#10 C:\xampp\htdocs\forum\vendor\illuminate\events\Dispatcher.php(209): Illuminate\Events\Dispatcher->Illuminate\Events\{closure}('Flarum\\User\\Eve...', Array)
#11 C:\xampp\htdocs\forum\vendor\flarum\core\src\Foundation\DispatchEventsTrait.php(35): Illuminate\Events\Dispatcher->dispatch('Flarum\\User\\Eve...')
#12 C:\xampp\htdocs\forum\vendor\flarum\core\src\User\Command\RegisterUserHandler.php(116): Flarum\User\Command\RegisterUserHandler->dispatchEventsFor(Object(Flarum\User\User), Object(Flarum\User\Guest))
#13 C:\xampp\htdocs\forum\vendor\illuminate\bus\Dispatcher.php(90): Flarum\User\Command\RegisterUserHandler->handle(Object(Flarum\User\Command\RegisterUser))
#14 C:\xampp\htdocs\forum\vendor\illuminate\pipeline\Pipeline.php(128): Illuminate\Bus\Dispatcher->Illuminate\Bus\{closure}(Object(Flarum\User\Command\RegisterUser))
#15 C:\xampp\htdocs\forum\vendor\illuminate\pipeline\Pipeline.php(104): Illuminate\Pipeline\Pipeline->Illuminate\Pipeline\{closure}(Object(Flarum\User\Command\RegisterUser))
#16 C:\xampp\htdocs\forum\vendor\illuminate\bus\Dispatcher.php(98): Illuminate\Pipeline\Pipeline->then(Object(Closure))
#17 C:\xampp\htdocs\forum\vendor\illuminate\bus\Dispatcher.php(76): Illuminate\Bus\Dispatcher->dispatchNow(Object(Flarum\User\Command\RegisterUser))
#18 C:\xampp\htdocs\forum\vendor\flarum\core\src\Api\Controller\CreateUserController.php(47): Illuminate\Bus\Dispatcher->dispatch(Object(Flarum\User\Command\RegisterUser))
#19 C:\xampp\htdocs\forum\vendor\flarum\core\src\Api\Controller\AbstractSerializeController.php(98): Flarum\Api\Controller\CreateUserController->data(Object(Zend\Diactoros\ServerRequest), Object(Tobscure\JsonApi\Document))
#20 C:\xampp\htdocs\forum\vendor\flarum\core\src\Api\Controller\AbstractCreateController.php(24): Flarum\Api\Controller\AbstractSerializeController->handle(Object(Zend\Diactoros\ServerRequest))
#21 C:\xampp\htdocs\forum\vendor\flarum\core\src\Api\Client.php(74): Flarum\Api\Controller\AbstractCreateController->handle(Object(Zend\Diactoros\ServerRequest))
#22 C:\xampp\htdocs\forum\vendor\flarum\core\src\Forum\Controller\RegisterController.php(60): Flarum\Api\Client->send(Object(Flarum\Api\Controller\CreateUserController), Object(Flarum\User\Guest), Array, Array)
#23 C:\xampp\htdocs\forum\vendor\flarum\core\src\Http\RouteHandlerFactory.php(40): Flarum\Forum\Controller\RegisterController->handle(Object(Zend\Diactoros\ServerRequest))
#24 C:\xampp\htdocs\forum\vendor\flarum\core\src\Http\Middleware\DispatchRoute.php(67): Flarum\Http\RouteHandlerFactory->Flarum\Http\{closure}(Object(Zend\Diactoros\ServerRequest), Array)
#25 C:\xampp\htdocs\forum\vendor\zendframework\zend-stratigility\src\Next.php(60): Flarum\Http\Middleware\DispatchRoute->process(Object(Zend\Diactoros\ServerRequest), Object(Closure))
#26 C:\xampp\htdocs\forum\vendor\flarum\core\src\Http\Middleware\ShareErrorsFromSession.php(58): Zend\Stratigility\Next->handle(Object(Zend\Diactoros\ServerRequest))
#27 C:\xampp\htdocs\forum\vendor\zendframework\zend-stratigility\src\Next.php(60): Flarum\Http\Middleware\ShareErrorsFromSession->process(Object(Zend\Diactoros\ServerRequest), Object(Zend\Stratigility\Next))
#28 C:\xampp\htdocs\forum\vendor\flarum\core\src\Http\Middleware\SetLocale.php(52): Zend\Stratigility\Next->handle(Object(Zend\Diactoros\ServerRequest))
#29 C:\xampp\htdocs\forum\vendor\zendframework\zend-stratigility\src\Next.php(60): Flarum\Http\Middleware\SetLocale->process(Object(Zend\Diactoros\ServerRequest), Object(Zend\Stratigility\Next))
#30 C:\xampp\htdocs\forum\vendor\flarum\core\src\Http\Middleware\CheckCsrfToken.php(33): Zend\Stratigility\Next->handle(Object(Zend\Diactoros\ServerRequest))
#31 C:\xampp\htdocs\forum\vendor\zendframework\zend-stratigility\src\Next.php(60): Flarum\Http\Middleware\CheckCsrfToken->process(Object(Zend\Diactoros\ServerRequest), Object(Zend\Stratigility\Next))
#32 C:\xampp\htdocs\forum\vendor\flarum\core\src\Http\Middleware\AuthenticateWithSession.php(34): Zend\Stratigility\Next->handle(Object(Zend\Diactoros\ServerRequest))
#33 C:\xampp\htdocs\forum\vendor\zendframework\zend-stratigility\src\Next.php(60): Flarum\Http\Middleware\AuthenticateWithSession->process(Object(Zend\Diactoros\ServerRequest), Object(Zend\Stratigility\Next))
#34 C:\xampp\htdocs\forum\vendor\flarum\core\src\Http\Middleware\RememberFromCookie.php(53): Zend\Stratigility\Next->handle(Object(Zend\Diactoros\ServerRequest))
#35 C:\xampp\htdocs\forum\vendor\zendframework\zend-stratigility\src\Next.php(60): Flarum\Http\Middleware\RememberFromCookie->process(Object(Zend\Diactoros\ServerRequest), Object(Zend\Stratigility\Next))
#36 C:\xampp\htdocs\forum\vendor\flarum\core\src\Http\Middleware\StartSession.php(63): Zend\Stratigility\Next->handle(Object(Zend\Diactoros\ServerRequest))
#37 C:\xampp\htdocs\forum\vendor\zendframework\zend-stratigility\src\Next.php(60): Flarum\Http\Middleware\StartSession->process(Object(Zend\Diactoros\ServerRequest), Object(Zend\Stratigility\Next))
#38 C:\xampp\htdocs\forum\vendor\flarum\core\src\Http\Middleware\CollectGarbage.php(48): Zend\Stratigility\Next->handle(Object(Zend\Diactoros\ServerRequest))
#39 C:\xampp\htdocs\forum\vendor\zendframework\zend-stratigility\src\Next.php(60): Flarum\Http\Middleware\CollectGarbage->process(Object(Zend\Diactoros\ServerRequest), Object(Zend\Stratigility\Next))
#40 C:\xampp\htdocs\forum\vendor\flarum\core\src\Http\Middleware\ParseJsonBody.php(30): Zend\Stratigility\Next->handle(Object(Zend\Diactoros\ServerRequest))
#41 C:\xampp\htdocs\forum\vendor\zendframework\zend-stratigility\src\Next.php(60): Flarum\Http\Middleware\ParseJsonBody->process(Object(Zend\Diactoros\ServerRequest), Object(Zend\Stratigility\Next))
#42 C:\xampp\htdocs\forum\vendor\flarum\core\src\Http\Middleware\HandleErrors.php(59): Zend\Stratigility\Next->handle(Object(Zend\Diactoros\ServerRequest))
#43 C:\xampp\htdocs\forum\vendor\zendframework\zend-stratigility\src\Next.php(60): Flarum\Http\Middleware\HandleErrors->process(Object(Zend\Diactoros\ServerRequest), Object(Zend\Stratigility\Next))
#44 C:\xampp\htdocs\forum\vendor\zendframework\zend-stratigility\src\MiddlewarePipe.php(83): Zend\Stratigility\Next->handle(Object(Zend\Diactoros\ServerRequest))
#45 C:\xampp\htdocs\forum\vendor\middlewares\request-handler\src\RequestHandler.php(84): Zend\Stratigility\MiddlewarePipe->process(Object(Zend\Diactoros\ServerRequest), Object(Zend\Stratigility\Next))
#46 C:\xampp\htdocs\forum\vendor\zendframework\zend-stratigility\src\Next.php(60): Middlewares\RequestHandler->process(Object(Zend\Diactoros\ServerRequest), Object(Zend\Stratigility\Next))
#47 C:\xampp\htdocs\forum\vendor\middlewares\base-path-router\src\BasePathRouter.php(97): Zend\Stratigility\Next->handle(Object(Zend\Diactoros\ServerRequest))
#48 C:\xampp\htdocs\forum\vendor\zendframework\zend-stratigility\src\Next.php(60): Middlewares\BasePathRouter->process(Object(Zend\Diactoros\ServerRequest), Object(Zend\Stratigility\Next))
#49 C:\xampp\htdocs\forum\vendor\zendframework\zend-stratigility\src\Middleware\OriginalMessages.php(41): Zend\Stratigility\Next->handle(Object(Zend\Diactoros\ServerRequest))
#50 C:\xampp\htdocs\forum\vendor\zendframework\zend-stratigility\src\Next.php(60): Zend\Stratigility\Middleware\OriginalMessages->process(Object(Zend\Diactoros\ServerRequest), Object(Zend\Stratigility\Next))
#51 C:\xampp\htdocs\forum\vendor\middlewares\base-path\src\BasePath.php(53): Zend\Stratigility\Next->handle(Object(Zend\Diactoros\ServerRequest))
#52 C:\xampp\htdocs\forum\vendor\zendframework\zend-stratigility\src\Next.php(60): Middlewares\BasePath->process(Object(Zend\Diactoros\ServerRequest), Object(Zend\Stratigility\Next))
#53 C:\xampp\htdocs\forum\vendor\zendframework\zend-stratigility\src\MiddlewarePipe.php(83): Zend\Stratigility\Next->handle(Object(Zend\Diactoros\ServerRequest))
#54 C:\xampp\htdocs\forum\vendor\zendframework\zend-stratigility\src\MiddlewarePipe.php(72): Zend\Stratigility\MiddlewarePipe->process(Object(Zend\Diactoros\ServerRequest), Object(Zend\Stratigility\EmptyPipelineHandler))
#55 C:\xampp\htdocs\forum\vendor\zendframework\zend-httphandlerrunner\src\RequestHandlerRunner.php(95): Zend\Stratigility\MiddlewarePipe->handle(Object(Zend\Diactoros\ServerRequest))
#56 C:\xampp\htdocs\forum\vendor\flarum\core\src\Http\Server.php(46): Zend\HttpHandlerRunner\RequestHandlerRunner->run()
#57 C:\xampp\htdocs\forum\public\index.php(22): Flarum\Http\Server->listen()
#58 {main}  
[2019-11-22 09:10:41] production.ERROR: Swift_TransportException: Process could not be started [The system cannot find the path specified.
] in C:\xampp\htdocs\forum\vendor\swiftmailer\swiftmailer\lib\classes\Swift\Transport\StreamBuffer.php:302
Stack trace:
#0 C:\xampp\htdocs\forum\vendor\swiftmailer\swiftmailer\lib\classes\Swift\Transport\StreamBuffer.php(54): Swift_Transport_StreamBuffer->establishProcessConnection()
#1 C:\xampp\htdocs\forum\vendor\swiftmailer\swiftmailer\lib\classes\Swift\Transport\AbstractSmtpTransport.php(143): Swift_Transport_StreamBuffer->initialize(Array)
#2 C:\xampp\htdocs\forum\vendor\swiftmailer\swiftmailer\lib\classes\Swift\Transport\SendmailTransport.php(50): Swift_Transport_AbstractSmtpTransport->start()
#3 C:\xampp\htdocs\forum\vendor\swiftmailer\swiftmailer\lib\classes\Swift\Mailer.php(65): Swift_Transport_SendmailTransport->start()
#4 C:\xampp\htdocs\forum\vendor\illuminate\mail\Mailer.php(483): Swift_Mailer->send(Object(Swift_Message), Array)
#5 C:\xampp\htdocs\forum\vendor\illuminate\mail\Mailer.php(259): Illuminate\Mail\Mailer->sendSwiftMessage(Object(Swift_Message))
#6 C:\xampp\htdocs\forum\vendor\illuminate\mail\Mailer.php(183): Illuminate\Mail\Mailer->send(NULL, Array, Object(Closure))
#7 C:\xampp\htdocs\forum\vendor\flarum\core\src\User\AccountActivationMailer.php(72): Illuminate\Mail\Mailer->raw('Hey hamdan_dzi!...', Object(Closure))
#8 [internal function]: Flarum\User\AccountActivationMailer->handle(Object(Flarum\User\Event\Registered))
#9 C:\xampp\htdocs\forum\vendor\illuminate\events\Dispatcher.php(379): call_user_func_array(Array, Array)
#10 C:\xampp\htdocs\forum\vendor\illuminate\events\Dispatcher.php(209): Illuminate\Events\Dispatcher->Illuminate\Events\{closure}('Flarum\\User\\Eve...', Array)
#11 C:\xampp\htdocs\forum\vendor\flarum\core\src\Foundation\DispatchEventsTrait.php(35): Illuminate\Events\Dispatcher->dispatch('Flarum\\User\\Eve...')
#12 C:\xampp\htdocs\forum\vendor\flarum\core\src\User\Command\RegisterUserHandler.php(116): Flarum\User\Command\RegisterUserHandler->dispatchEventsFor(Object(Flarum\User\User), Object(Flarum\User\Guest))
#13 C:\xampp\htdocs\forum\vendor\illuminate\bus\Dispatcher.php(90): Flarum\User\Command\RegisterUserHandler->handle(Object(Flarum\User\Command\RegisterUser))
#14 C:\xampp\htdocs\forum\vendor\illuminate\pipeline\Pipeline.php(128): Illuminate\Bus\Dispatcher->Illuminate\Bus\{closure}(Object(Flarum\User\Command\RegisterUser))
#15 C:\xampp\htdocs\forum\vendor\illuminate\pipeline\Pipeline.php(104): Illuminate\Pipeline\Pipeline->Illuminate\Pipeline\{closure}(Object(Flarum\User\Command\RegisterUser))
#16 C:\xampp\htdocs\forum\vendor\illuminate\bus\Dispatcher.php(98): Illuminate\Pipeline\Pipeline->then(Object(Closure))
#17 C:\xampp\htdocs\forum\vendor\illuminate\bus\Dispatcher.php(76): Illuminate\Bus\Dispatcher->dispatchNow(Object(Flarum\User\Command\RegisterUser))
#18 C:\xampp\htdocs\forum\vendor\flarum\core\src\Api\Controller\CreateUserController.php(47): Illuminate\Bus\Dispatcher->dispatch(Object(Flarum\User\Command\RegisterUser))
#19 C:\xampp\htdocs\forum\vendor\flarum\core\src\Api\Controller\AbstractSerializeController.php(98): Flarum\Api\Controller\CreateUserController->data(Object(Zend\Diactoros\ServerRequest), Object(Tobscure\JsonApi\Document))
#20 C:\xampp\htdocs\forum\vendor\flarum\core\src\Api\Controller\AbstractCreateController.php(24): Flarum\Api\Controller\AbstractSerializeController->handle(Object(Zend\Diactoros\ServerRequest))
#21 C:\xampp\htdocs\forum\vendor\flarum\core\src\Api\Client.php(74): Flarum\Api\Controller\AbstractCreateController->handle(Object(Zend\Diactoros\ServerRequest))
#22 C:\xampp\htdocs\forum\vendor\flarum\core\src\Forum\Controller\RegisterController.php(60): Flarum\Api\Client->send(Object(Flarum\Api\Controller\CreateUserController), Object(Flarum\User\Guest), Array, Array)
#23 C:\xampp\htdocs\forum\vendor\flarum\core\src\Http\RouteHandlerFactory.php(40): Flarum\Forum\Controller\RegisterController->handle(Object(Zend\Diactoros\ServerRequest))
#24 C:\xampp\htdocs\forum\vendor\flarum\core\src\Http\Middleware\DispatchRoute.php(67): Flarum\Http\RouteHandlerFactory->Flarum\Http\{closure}(Object(Zend\Diactoros\ServerRequest), Array)
#25 C:\xampp\htdocs\forum\vendor\zendframework\zend-stratigility\src\Next.php(60): Flarum\Http\Middleware\DispatchRoute->process(Object(Zend\Diactoros\ServerRequest), Object(Closure))
#26 C:\xampp\htdocs\forum\vendor\flarum\core\src\Http\Middleware\ShareErrorsFromSession.php(58): Zend\Stratigility\Next->handle(Object(Zend\Diactoros\ServerRequest))
#27 C:\xampp\htdocs\forum\vendor\zendframework\zend-stratigility\src\Next.php(60): Flarum\Http\Middleware\ShareErrorsFromSession->process(Object(Zend\Diactoros\ServerRequest), Object(Zend\Stratigility\Next))
#28 C:\xampp\htdocs\forum\vendor\flarum\core\src\Http\Middleware\SetLocale.php(52): Zend\Stratigility\Next->handle(Object(Zend\Diactoros\ServerRequest))
#29 C:\xampp\htdocs\forum\vendor\zendframework\zend-stratigility\src\Next.php(60): Flarum\Http\Middleware\SetLocale->process(Object(Zend\Diactoros\ServerRequest), Object(Zend\Stratigility\Next))
#30 C:\xampp\htdocs\forum\vendor\flarum\core\src\Http\Middleware\CheckCsrfToken.php(33): Zend\Stratigility\Next->handle(Object(Zend\Diactoros\ServerRequest))
#31 C:\xampp\htdocs\forum\vendor\zendframework\zend-stratigility\src\Next.php(60): Flarum\Http\Middleware\CheckCsrfToken->process(Object(Zend\Diactoros\ServerRequest), Object(Zend\Stratigility\Next))
#32 C:\xampp\htdocs\forum\vendor\flarum\core\src\Http\Middleware\AuthenticateWithSession.php(34): Zend\Stratigility\Next->handle(Object(Zend\Diactoros\ServerRequest))
#33 C:\xampp\htdocs\forum\vendor\zendframework\zend-stratigility\src\Next.php(60): Flarum\Http\Middleware\AuthenticateWithSession->process(Object(Zend\Diactoros\ServerRequest), Object(Zend\Stratigility\Next))
#34 C:\xampp\htdocs\forum\vendor\flarum\core\src\Http\Middleware\RememberFromCookie.php(53): Zend\Stratigility\Next->handle(Object(Zend\Diactoros\ServerRequest))
#35 C:\xampp\htdocs\forum\vendor\zendframework\zend-stratigility\src\Next.php(60): Flarum\Http\Middleware\RememberFromCookie->process(Object(Zend\Diactoros\ServerRequest), Object(Zend\Stratigility\Next))
#36 C:\xampp\htdocs\forum\vendor\flarum\core\src\Http\Middleware\StartSession.php(63): Zend\Stratigility\Next->handle(Object(Zend\Diactoros\ServerRequest))
#37 C:\xampp\htdocs\forum\vendor\zendframework\zend-stratigility\src\Next.php(60): Flarum\Http\Middleware\StartSession->process(Object(Zend\Diactoros\ServerRequest), Object(Zend\Stratigility\Next))
#38 C:\xampp\htdocs\forum\vendor\flarum\core\src\Http\Middleware\CollectGarbage.php(48): Zend\Stratigility\Next->handle(Object(Zend\Diactoros\ServerRequest))
#39 C:\xampp\htdocs\forum\vendor\zendframework\zend-stratigility\src\Next.php(60): Flarum\Http\Middleware\CollectGarbage->process(Object(Zend\Diactoros\ServerRequest), Object(Zend\Stratigility\Next))
#40 C:\xampp\htdocs\forum\vendor\flarum\core\src\Http\Middleware\ParseJsonBody.php(30): Zend\Stratigility\Next->handle(Object(Zend\Diactoros\ServerRequest))
#41 C:\xampp\htdocs\forum\vendor\zendframework\zend-stratigility\src\Next.php(60): Flarum\Http\Middleware\ParseJsonBody->process(Object(Zend\Diactoros\ServerRequest), Object(Zend\Stratigility\Next))
#42 C:\xampp\htdocs\forum\vendor\flarum\core\src\Http\Middleware\HandleErrors.php(59): Zend\Stratigility\Next->handle(Object(Zend\Diactoros\ServerRequest))
#43 C:\xampp\htdocs\forum\vendor\zendframework\zend-stratigility\src\Next.php(60): Flarum\Http\Middleware\HandleErrors->process(Object(Zend\Diactoros\ServerRequest), Object(Zend\Stratigility\Next))
#44 C:\xampp\htdocs\forum\vendor\zendframework\zend-stratigility\src\MiddlewarePipe.php(83): Zend\Stratigility\Next->handle(Object(Zend\Diactoros\ServerRequest))
#45 C:\xampp\htdocs\forum\vendor\middlewares\request-handler\src\RequestHandler.php(84): Zend\Stratigility\MiddlewarePipe->process(Object(Zend\Diactoros\ServerRequest), Object(Zend\Stratigility\Next))
#46 C:\xampp\htdocs\forum\vendor\zendframework\zend-stratigility\src\Next.php(60): Middlewares\RequestHandler->process(Object(Zend\Diactoros\ServerRequest), Object(Zend\Stratigility\Next))
#47 C:\xampp\htdocs\forum\vendor\middlewares\base-path-router\src\BasePathRouter.php(97): Zend\Stratigility\Next->handle(Object(Zend\Diactoros\ServerRequest))
#48 C:\xampp\htdocs\forum\vendor\zendframework\zend-stratigility\src\Next.php(60): Middlewares\BasePathRouter->process(Object(Zend\Diactoros\ServerRequest), Object(Zend\Stratigility\Next))
#49 C:\xampp\htdocs\forum\vendor\zendframework\zend-stratigility\src\Middleware\OriginalMessages.php(41): Zend\Stratigility\Next->handle(Object(Zend\Diactoros\ServerRequest))
#50 C:\xampp\htdocs\forum\vendor\zendframework\zend-stratigility\src\Next.php(60): Zend\Stratigility\Middleware\OriginalMessages->process(Object(Zend\Diactoros\ServerRequest), Object(Zend\Stratigility\Next))
#51 C:\xampp\htdocs\forum\vendor\middlewares\base-path\src\BasePath.php(53): Zend\Stratigility\Next->handle(Object(Zend\Diactoros\ServerRequest))
#52 C:\xampp\htdocs\forum\vendor\zendframework\zend-stratigility\src\Next.php(60): Middlewares\BasePath->process(Object(Zend\Diactoros\ServerRequest), Object(Zend\Stratigility\Next))
#53 C:\xampp\htdocs\forum\vendor\zendframework\zend-stratigility\src\MiddlewarePipe.php(83): Zend\Stratigility\Next->handle(Object(Zend\Diactoros\ServerRequest))
#54 C:\xampp\htdocs\forum\vendor\zendframework\zend-stratigility\src\MiddlewarePipe.php(72): Zend\Stratigility\MiddlewarePipe->process(Object(Zend\Diactoros\ServerRequest), Object(Zend\Stratigility\EmptyPipelineHandler))
#55 C:\xampp\htdocs\forum\vendor\zendframework\zend-httphandlerrunner\src\RequestHandlerRunner.php(95): Zend\Stratigility\MiddlewarePipe->handle(Object(Zend\Diactoros\ServerRequest))
#56 C:\xampp\htdocs\forum\vendor\flarum\core\src\Http\Server.php(46): Zend\HttpHandlerRunner\RequestHandlerRunner->run()
#57 C:\xampp\htdocs\forum\public\index.php(22): Flarum\Http\Server->listen()
#58 {main}  
[2019-11-22 09:11:13] production.ERROR: Swift_TransportException: Process could not be started [The system cannot find the path specified.
] in C:\xampp\htdocs\forum\vendor\swiftmailer\swiftmailer\lib\classes\Swift\Transport\StreamBuffer.php:302
Stack trace:
#0 C:\xampp\htdocs\forum\vendor\swiftmailer\swiftmailer\lib\classes\Swift\Transport\StreamBuffer.php(54): Swift_Transport_StreamBuffer->establishProcessConnection()
#1 C:\xampp\htdocs\forum\vendor\swiftmailer\swiftmailer\lib\classes\Swift\Transport\AbstractSmtpTransport.php(143): Swift_Transport_StreamBuffer->initialize(Array)
#2 C:\xampp\htdocs\forum\vendor\swiftmailer\swiftmailer\lib\classes\Swift\Transport\SendmailTransport.php(50): Swift_Transport_AbstractSmtpTransport->start()
#3 C:\xampp\htdocs\forum\vendor\swiftmailer\swiftmailer\lib\classes\Swift\Mailer.php(65): Swift_Transport_SendmailTransport->start()
#4 C:\xampp\htdocs\forum\vendor\illuminate\mail\Mailer.php(483): Swift_Mailer->send(Object(Swift_Message), Array)
#5 C:\xampp\htdocs\forum\vendor\illuminate\mail\Mailer.php(259): Illuminate\Mail\Mailer->sendSwiftMessage(Object(Swift_Message))
#6 C:\xampp\htdocs\forum\vendor\illuminate\mail\Mailer.php(183): Illuminate\Mail\Mailer->send(NULL, Array, Object(Closure))
#7 C:\xampp\htdocs\forum\vendor\flarum\core\src\Api\Controller\SendConfirmationEmailController.php(94): Illuminate\Mail\Mailer->raw('Hey hamdan_dzi!...', Object(Closure))
#8 C:\xampp\htdocs\forum\vendor\flarum\core\src\Http\RouteHandlerFactory.php(40): Flarum\Api\Controller\SendConfirmationEmailController->handle(Object(Zend\Diactoros\ServerRequest))
#9 C:\xampp\htdocs\forum\vendor\flarum\core\src\Http\Middleware\DispatchRoute.php(67): Flarum\Http\RouteHandlerFactory->Flarum\Http\{closure}(Object(Zend\Diactoros\ServerRequest), Array)
#10 C:\xampp\htdocs\forum\vendor\zendframework\zend-stratigility\src\Next.php(60): Flarum\Http\Middleware\DispatchRoute->process(Object(Zend\Diactoros\ServerRequest), Object(Closure))
#11 C:\xampp\htdocs\forum\vendor\flarum\core\src\Http\Middleware\SetLocale.php(52): Zend\Stratigility\Next->handle(Object(Zend\Diactoros\ServerRequest))
#12 C:\xampp\htdocs\forum\vendor\zendframework\zend-stratigility\src\Next.php(60): Flarum\Http\Middleware\SetLocale->process(Object(Zend\Diactoros\ServerRequest), Object(Zend\Stratigility\Next))
#13 C:\xampp\htdocs\forum\vendor\flarum\core\src\Http\Middleware\CheckCsrfToken.php(33): Zend\Stratigility\Next->handle(Object(Zend\Diactoros\ServerRequest))
#14 C:\xampp\htdocs\forum\vendor\zendframework\zend-stratigility\src\Next.php(60): Flarum\Http\Middleware\CheckCsrfToken->process(Object(Zend\Diactoros\ServerRequest), Object(Zend\Stratigility\Next))
#15 C:\xampp\htdocs\forum\vendor\flarum\core\src\Http\Middleware\AuthenticateWithHeader.php(57): Zend\Stratigility\Next->handle(Object(Zend\Diactoros\ServerRequest))
#16 C:\xampp\htdocs\forum\vendor\zendframework\zend-stratigility\src\Next.php(60): Flarum\Http\Middleware\AuthenticateWithHeader->process(Object(Zend\Diactoros\ServerRequest), Object(Zend\Stratigility\Next))
#17 C:\xampp\htdocs\forum\vendor\flarum\core\src\Http\Middleware\AuthenticateWithSession.php(34): Zend\Stratigility\Next->handle(Object(Zend\Diactoros\ServerRequest))
#18 C:\xampp\htdocs\forum\vendor\zendframework\zend-stratigility\src\Next.php(60): Flarum\Http\Middleware\AuthenticateWithSession->process(Object(Zend\Diactoros\ServerRequest), Object(Zend\Stratigility\Next))
#19 C:\xampp\htdocs\forum\vendor\flarum\core\src\Http\Middleware\RememberFromCookie.php(53): Zend\Stratigility\Next->handle(Object(Zend\Diactoros\ServerRequest))
#20 C:\xampp\htdocs\forum\vendor\zendframework\zend-stratigility\src\Next.php(60): Flarum\Http\Middleware\RememberFromCookie->process(Object(Zend\Diactoros\ServerRequest), Object(Zend\Stratigility\Next))
#21 C:\xampp\htdocs\forum\vendor\flarum\core\src\Http\Middleware\StartSession.php(63): Zend\Stratigility\Next->handle(Object(Zend\Diactoros\ServerRequest))
#22 C:\xampp\htdocs\forum\vendor\zendframework\zend-stratigility\src\Next.php(60): Flarum\Http\Middleware\StartSession->process(Object(Zend\Diactoros\ServerRequest), Object(Zend\Stratigility\Next))
#23 C:\xampp\htdocs\forum\vendor\flarum\core\src\Api\Middleware\FakeHttpMethods.php(31): Zend\Stratigility\Next->handle(Object(Zend\Diactoros\ServerRequest))
#24 C:\xampp\htdocs\forum\vendor\zendframework\zend-stratigility\src\Next.php(60): Flarum\Api\Middleware\FakeHttpMethods->process(Object(Zend\Diactoros\ServerRequest), Object(Zend\Stratigility\Next))
#25 C:\xampp\htdocs\forum\vendor\flarum\core\src\Http\Middleware\ParseJsonBody.php(30): Zend\Stratigility\Next->handle(Object(Zend\Diactoros\ServerRequest))
#26 C:\xampp\htdocs\forum\vendor\zendframework\zend-stratigility\src\Next.php(60): Flarum\Http\Middleware\ParseJsonBody->process(Object(Zend\Diactoros\ServerRequest), Object(Zend\Stratigility\Next))
#27 C:\xampp\htdocs\forum\vendor\flarum\core\src\Http\Middleware\HandleErrors.php(59): Zend\Stratigility\Next->handle(Object(Zend\Diactoros\ServerRequest))
#28 C:\xampp\htdocs\forum\vendor\zendframework\zend-stratigility\src\Next.php(60): Flarum\Http\Middleware\HandleErrors->process(Object(Zend\Diactoros\ServerRequest), Object(Zend\Stratigility\Next))
#29 C:\xampp\htdocs\forum\vendor\zendframework\zend-stratigility\src\MiddlewarePipe.php(83): Zend\Stratigility\Next->handle(Object(Zend\Diactoros\ServerRequest))
#30 C:\xampp\htdocs\forum\vendor\middlewares\request-handler\src\RequestHandler.php(84): Zend\Stratigility\MiddlewarePipe->process(Object(Zend\Diactoros\ServerRequest), Object(Zend\Stratigility\Next))
#31 C:\xampp\htdocs\forum\vendor\zendframework\zend-stratigility\src\Next.php(60): Middlewares\RequestHandler->process(Object(Zend\Diactoros\ServerRequest), Object(Zend\Stratigility\Next))
#32 C:\xampp\htdocs\forum\vendor\middlewares\base-path-router\src\BasePathRouter.php(97): Zend\Stratigility\Next->handle(Object(Zend\Diactoros\ServerRequest))
#33 C:\xampp\htdocs\forum\vendor\zendframework\zend-stratigility\src\Next.php(60): Middlewares\BasePathRouter->process(Object(Zend\Diactoros\ServerRequest), Object(Zend\Stratigility\Next))
#34 C:\xampp\htdocs\forum\vendor\zendframework\zend-stratigility\src\Middleware\OriginalMessages.php(41): Zend\Stratigility\Next->handle(Object(Zend\Diactoros\ServerRequest))
#35 C:\xampp\htdocs\forum\vendor\zendframework\zend-stratigility\src\Next.php(60): Zend\Stratigility\Middleware\OriginalMessages->process(Object(Zend\Diactoros\ServerRequest), Object(Zend\Stratigility\Next))
#36 C:\xampp\htdocs\forum\vendor\middlewares\base-path\src\BasePath.php(53): Zend\Stratigility\Next->handle(Object(Zend\Diactoros\ServerRequest))
#37 C:\xampp\htdocs\forum\vendor\zendframework\zend-stratigility\src\Next.php(60): Middlewares\BasePath->process(Object(Zend\Diactoros\ServerRequest), Object(Zend\Stratigility\Next))
#38 C:\xampp\htdocs\forum\vendor\zendframework\zend-stratigility\src\MiddlewarePipe.php(83): Zend\Stratigility\Next->handle(Object(Zend\Diactoros\ServerRequest))
#39 C:\xampp\htdocs\forum\vendor\zendframework\zend-stratigility\src\MiddlewarePipe.php(72): Zend\Stratigility\MiddlewarePipe->process(Object(Zend\Diactoros\ServerRequest), Object(Zend\Stratigility\EmptyPipelineHandler))
#40 C:\xampp\htdocs\forum\vendor\zendframework\zend-httphandlerrunner\src\RequestHandlerRunner.php(95): Zend\Stratigility\MiddlewarePipe->handle(Object(Zend\Diactoros\ServerRequest))
#41 C:\xampp\htdocs\forum\vendor\flarum\core\src\Http\Server.php(46): Zend\HttpHandlerRunner\RequestHandlerRunner->run()
#42 C:\xampp\htdocs\forum\public\index.php(22): Flarum\Http\Server->listen()
#43 {main}  
[2019-11-22 09:12:01] production.ERROR: Swift_TransportException: Process could not be started [The system cannot find the path specified.
] in C:\xampp\htdocs\forum\vendor\swiftmailer\swiftmailer\lib\classes\Swift\Transport\StreamBuffer.php:302
Stack trace:
#0 C:\xampp\htdocs\forum\vendor\swiftmailer\swiftmailer\lib\classes\Swift\Transport\StreamBuffer.php(54): Swift_Transport_StreamBuffer->establishProcessConnection()
#1 C:\xampp\htdocs\forum\vendor\swiftmailer\swiftmailer\lib\classes\Swift\Transport\AbstractSmtpTransport.php(143): Swift_Transport_StreamBuffer->initialize(Array)
#2 C:\xampp\htdocs\forum\vendor\swiftmailer\swiftmailer\lib\classes\Swift\Transport\SendmailTransport.php(50): Swift_Transport_AbstractSmtpTransport->start()
#3 C:\xampp\htdocs\forum\vendor\swiftmailer\swiftmailer\lib\classes\Swift\Mailer.php(65): Swift_Transport_SendmailTransport->start()
#4 C:\xampp\htdocs\forum\vendor\illuminate\mail\Mailer.php(483): Swift_Mailer->send(Object(Swift_Message), Array)
#5 C:\xampp\htdocs\forum\vendor\illuminate\mail\Mailer.php(259): Illuminate\Mail\Mailer->sendSwiftMessage(Object(Swift_Message))
#6 C:\xampp\htdocs\forum\vendor\illuminate\mail\Mailer.php(183): Illuminate\Mail\Mailer->send(NULL, Array, Object(Closure))
#7 C:\xampp\htdocs\forum\vendor\flarum\core\src\Api\Controller\SendConfirmationEmailController.php(94): Illuminate\Mail\Mailer->raw('Hey hamdan_dzi!...', Object(Closure))
#8 C:\xampp\htdocs\forum\vendor\flarum\core\src\Http\RouteHandlerFactory.php(40): Flarum\Api\Controller\SendConfirmationEmailController->handle(Object(Zend\Diactoros\ServerRequest))
#9 C:\xampp\htdocs\forum\vendor\flarum\core\src\Http\Middleware\DispatchRoute.php(67): Flarum\Http\RouteHandlerFactory->Flarum\Http\{closure}(Object(Zend\Diactoros\ServerRequest), Array)
#10 C:\xampp\htdocs\forum\vendor\zendframework\zend-stratigility\src\Next.php(60): Flarum\Http\Middleware\DispatchRoute->process(Object(Zend\Diactoros\ServerRequest), Object(Closure))
#11 C:\xampp\htdocs\forum\vendor\flarum\core\src\Http\Middleware\SetLocale.php(52): Zend\Stratigility\Next->handle(Object(Zend\Diactoros\ServerRequest))
#12 C:\xampp\htdocs\forum\vendor\zendframework\zend-stratigility\src\Next.php(60): Flarum\Http\Middleware\SetLocale->process(Object(Zend\Diactoros\ServerRequest), Object(Zend\Stratigility\Next))
#13 C:\xampp\htdocs\forum\vendor\flarum\core\src\Http\Middleware\CheckCsrfToken.php(33): Zend\Stratigility\Next->handle(Object(Zend\Diactoros\ServerRequest))
#14 C:\xampp\htdocs\forum\vendor\zendframework\zend-stratigility\src\Next.php(60): Flarum\Http\Middleware\CheckCsrfToken->process(Object(Zend\Diactoros\ServerRequest), Object(Zend\Stratigility\Next))
#15 C:\xampp\htdocs\forum\vendor\flarum\core\src\Http\Middleware\AuthenticateWithHeader.php(57): Zend\Stratigility\Next->handle(Object(Zend\Diactoros\ServerRequest))
#16 C:\xampp\htdocs\forum\vendor\zendframework\zend-stratigility\src\Next.php(60): Flarum\Http\Middleware\AuthenticateWithHeader->process(Object(Zend\Diactoros\ServerRequest), Object(Zend\Stratigility\Next))
#17 C:\xampp\htdocs\forum\vendor\flarum\core\src\Http\Middleware\AuthenticateWithSession.php(34): Zend\Stratigility\Next->handle(Object(Zend\Diactoros\ServerRequest))
#18 C:\xampp\htdocs\forum\vendor\zendframework\zend-stratigility\src\Next.php(60): Flarum\Http\Middleware\AuthenticateWithSession->process(Object(Zend\Diactoros\ServerRequest), Object(Zend\Stratigility\Next))
#19 C:\xampp\htdocs\forum\vendor\flarum\core\src\Http\Middleware\RememberFromCookie.php(53): Zend\Stratigility\Next->handle(Object(Zend\Diactoros\ServerRequest))
#20 C:\xampp\htdocs\forum\vendor\zendframework\zend-stratigility\src\Next.php(60): Flarum\Http\Middleware\RememberFromCookie->process(Object(Zend\Diactoros\ServerRequest), Object(Zend\Stratigility\Next))
#21 C:\xampp\htdocs\forum\vendor\flarum\core\src\Http\Middleware\StartSession.php(63): Zend\Stratigility\Next->handle(Object(Zend\Diactoros\ServerRequest))
#22 C:\xampp\htdocs\forum\vendor\zendframework\zend-stratigility\src\Next.php(60): Flarum\Http\Middleware\StartSession->process(Object(Zend\Diactoros\ServerRequest), Object(Zend\Stratigility\Next))
#23 C:\xampp\htdocs\forum\vendor\flarum\core\src\Api\Middleware\FakeHttpMethods.php(31): Zend\Stratigility\Next->handle(Object(Zend\Diactoros\ServerRequest))
#24 C:\xampp\htdocs\forum\vendor\zendframework\zend-stratigility\src\Next.php(60): Flarum\Api\Middleware\FakeHttpMethods->process(Object(Zend\Diactoros\ServerRequest), Object(Zend\Stratigility\Next))
#25 C:\xampp\htdocs\forum\vendor\flarum\core\src\Http\Middleware\ParseJsonBody.php(30): Zend\Stratigility\Next->handle(Object(Zend\Diactoros\ServerRequest))
#26 C:\xampp\htdocs\forum\vendor\zendframework\zend-stratigility\src\Next.php(60): Flarum\Http\Middleware\ParseJsonBody->process(Object(Zend\Diactoros\ServerRequest), Object(Zend\Stratigility\Next))
#27 C:\xampp\htdocs\forum\vendor\flarum\core\src\Http\Middleware\HandleErrors.php(59): Zend\Stratigility\Next->handle(Object(Zend\Diactoros\ServerRequest))
#28 C:\xampp\htdocs\forum\vendor\zendframework\zend-stratigility\src\Next.php(60): Flarum\Http\Middleware\HandleErrors->process(Object(Zend\Diactoros\ServerRequest), Object(Zend\Stratigility\Next))
#29 C:\xampp\htdocs\forum\vendor\zendframework\zend-stratigility\src\MiddlewarePipe.php(83): Zend\Stratigility\Next->handle(Object(Zend\Diactoros\ServerRequest))
#30 C:\xampp\htdocs\forum\vendor\middlewares\request-handler\src\RequestHandler.php(84): Zend\Stratigility\MiddlewarePipe->process(Object(Zend\Diactoros\ServerRequest), Object(Zend\Stratigility\Next))
#31 C:\xampp\htdocs\forum\vendor\zendframework\zend-stratigility\src\Next.php(60): Middlewares\RequestHandler->process(Object(Zend\Diactoros\ServerRequest), Object(Zend\Stratigility\Next))
#32 C:\xampp\htdocs\forum\vendor\middlewares\base-path-router\src\BasePathRouter.php(97): Zend\Stratigility\Next->handle(Object(Zend\Diactoros\ServerRequest))
#33 C:\xampp\htdocs\forum\vendor\zendframework\zend-stratigility\src\Next.php(60): Middlewares\BasePathRouter->process(Object(Zend\Diactoros\ServerRequest), Object(Zend\Stratigility\Next))
#34 C:\xampp\htdocs\forum\vendor\zendframework\zend-stratigility\src\Middleware\OriginalMessages.php(41): Zend\Stratigility\Next->handle(Object(Zend\Diactoros\ServerRequest))
#35 C:\xampp\htdocs\forum\vendor\zendframework\zend-stratigility\src\Next.php(60): Zend\Stratigility\Middleware\OriginalMessages->process(Object(Zend\Diactoros\ServerRequest), Object(Zend\Stratigility\Next))
#36 C:\xampp\htdocs\forum\vendor\middlewares\base-path\src\BasePath.php(53): Zend\Stratigility\Next->handle(Object(Zend\Diactoros\ServerRequest))
#37 C:\xampp\htdocs\forum\vendor\zendframework\zend-stratigility\src\Next.php(60): Middlewares\BasePath->process(Object(Zend\Diactoros\ServerRequest), Object(Zend\Stratigility\Next))
#38 C:\xampp\htdocs\forum\vendor\zendframework\zend-stratigility\src\MiddlewarePipe.php(83): Zend\Stratigility\Next->handle(Object(Zend\Diactoros\ServerRequest))
#39 C:\xampp\htdocs\forum\vendor\zendframework\zend-stratigility\src\MiddlewarePipe.php(72): Zend\Stratigility\MiddlewarePipe->process(Object(Zend\Diactoros\ServerRequest), Object(Zend\Stratigility\EmptyPipelineHandler))
#40 C:\xampp\htdocs\forum\vendor\zendframework\zend-httphandlerrunner\src\RequestHandlerRunner.php(95): Zend\Stratigility\MiddlewarePipe->handle(Object(Zend\Diactoros\ServerRequest))
#41 C:\xampp\htdocs\forum\vendor\flarum\core\src\Http\Server.php(46): Zend\HttpHandlerRunner\RequestHandlerRunner->run()
#42 C:\xampp\htdocs\forum\public\index.php(22): Flarum\Http\Server->listen()
#43 {main}  
[2019-11-22 09:16:40] production.ERROR: Swift_TransportException: Failed to authenticate on SMTP server with username "hamdanrobbi@gmail.com" using 3 possible authenticators. Authenticator LOGIN returned Expected response code 235 but got code "535", with message "535-5.7.8 Username and Password not accepted. Learn more at
535 5.7.8  https://support.google.com/mail/?p=BadCredentials t8sm2192732pjr.25 - gsmtp
". Authenticator PLAIN returned Expected response code 235 but got code "535", with message "535-5.7.8 Username and Password not accepted. Learn more at
535 5.7.8  https://support.google.com/mail/?p=BadCredentials t8sm2192732pjr.25 - gsmtp
". Authenticator XOAUTH2 returned Expected response code 250 but got code "535", with message "535-5.7.8 Username and Password not accepted. Learn more at
535 5.7.8  https://support.google.com/mail/?p=BadCredentials t8sm2192732pjr.25 - gsmtp
". in C:\xampp\htdocs\forum\vendor\swiftmailer\swiftmailer\lib\classes\Swift\Transport\Esmtp\AuthHandler.php:191
Stack trace:
#0 C:\xampp\htdocs\forum\vendor\swiftmailer\swiftmailer\lib\classes\Swift\Transport\EsmtpTransport.php(371): Swift_Transport_Esmtp_AuthHandler->afterEhlo(Object(Swift_SmtpTransport))
#1 C:\xampp\htdocs\forum\vendor\swiftmailer\swiftmailer\lib\classes\Swift\Transport\AbstractSmtpTransport.php(148): Swift_Transport_EsmtpTransport->doHeloCommand()
#2 C:\xampp\htdocs\forum\vendor\swiftmailer\swiftmailer\lib\classes\Swift\Mailer.php(65): Swift_Transport_AbstractSmtpTransport->start()
#3 C:\xampp\htdocs\forum\vendor\illuminate\mail\Mailer.php(483): Swift_Mailer->send(Object(Swift_Message), Array)
#4 C:\xampp\htdocs\forum\vendor\illuminate\mail\Mailer.php(259): Illuminate\Mail\Mailer->sendSwiftMessage(Object(Swift_Message))
#5 C:\xampp\htdocs\forum\vendor\illuminate\mail\Mailer.php(183): Illuminate\Mail\Mailer->send(NULL, Array, Object(Closure))
#6 C:\xampp\htdocs\forum\vendor\flarum\core\src\User\AccountActivationMailer.php(72): Illuminate\Mail\Mailer->raw('Hey bebas!\n\nSom...', Object(Closure))
#7 [internal function]: Flarum\User\AccountActivationMailer->handle(Object(Flarum\User\Event\Registered))
#8 C:\xampp\htdocs\forum\vendor\illuminate\events\Dispatcher.php(379): call_user_func_array(Array, Array)
#9 C:\xampp\htdocs\forum\vendor\illuminate\events\Dispatcher.php(209): Illuminate\Events\Dispatcher->Illuminate\Events\{closure}('Flarum\\User\\Eve...', Array)
#10 C:\xampp\htdocs\forum\vendor\flarum\core\src\Foundation\DispatchEventsTrait.php(35): Illuminate\Events\Dispatcher->dispatch('Flarum\\User\\Eve...')
#11 C:\xampp\htdocs\forum\vendor\flarum\core\src\User\Command\RegisterUserHandler.php(116): Flarum\User\Command\RegisterUserHandler->dispatchEventsFor(Object(Flarum\User\User), Object(Flarum\User\Guest))
#12 C:\xampp\htdocs\forum\vendor\illuminate\bus\Dispatcher.php(90): Flarum\User\Command\RegisterUserHandler->handle(Object(Flarum\User\Command\RegisterUser))
#13 C:\xampp\htdocs\forum\vendor\illuminate\pipeline\Pipeline.php(128): Illuminate\Bus\Dispatcher->Illuminate\Bus\{closure}(Object(Flarum\User\Command\RegisterUser))
#14 C:\xampp\htdocs\forum\vendor\illuminate\pipeline\Pipeline.php(104): Illuminate\Pipeline\Pipeline->Illuminate\Pipeline\{closure}(Object(Flarum\User\Command\RegisterUser))
#15 C:\xampp\htdocs\forum\vendor\illuminate\bus\Dispatcher.php(98): Illuminate\Pipeline\Pipeline->then(Object(Closure))
#16 C:\xampp\htdocs\forum\vendor\illuminate\bus\Dispatcher.php(76): Illuminate\Bus\Dispatcher->dispatchNow(Object(Flarum\User\Command\RegisterUser))
#17 C:\xampp\htdocs\forum\vendor\flarum\core\src\Api\Controller\CreateUserController.php(47): Illuminate\Bus\Dispatcher->dispatch(Object(Flarum\User\Command\RegisterUser))
#18 C:\xampp\htdocs\forum\vendor\flarum\core\src\Api\Controller\AbstractSerializeController.php(98): Flarum\Api\Controller\CreateUserController->data(Object(Zend\Diactoros\ServerRequest), Object(Tobscure\JsonApi\Document))
#19 C:\xampp\htdocs\forum\vendor\flarum\core\src\Api\Controller\AbstractCreateController.php(24): Flarum\Api\Controller\AbstractSerializeController->handle(Object(Zend\Diactoros\ServerRequest))
#20 C:\xampp\htdocs\forum\vendor\flarum\core\src\Api\Client.php(74): Flarum\Api\Controller\AbstractCreateController->handle(Object(Zend\Diactoros\ServerRequest))
#21 C:\xampp\htdocs\forum\vendor\flarum\core\src\Forum\Controller\RegisterController.php(60): Flarum\Api\Client->send(Object(Flarum\Api\Controller\CreateUserController), Object(Flarum\User\Guest), Array, Array)
#22 C:\xampp\htdocs\forum\vendor\flarum\core\src\Http\RouteHandlerFactory.php(40): Flarum\Forum\Controller\RegisterController->handle(Object(Zend\Diactoros\ServerRequest))
#23 C:\xampp\htdocs\forum\vendor\flarum\core\src\Http\Middleware\DispatchRoute.php(67): Flarum\Http\RouteHandlerFactory->Flarum\Http\{closure}(Object(Zend\Diactoros\ServerRequest), Array)
#24 C:\xampp\htdocs\forum\vendor\zendframework\zend-stratigility\src\Next.php(60): Flarum\Http\Middleware\DispatchRoute->process(Object(Zend\Diactoros\ServerRequest), Object(Closure))
#25 C:\xampp\htdocs\forum\vendor\flarum\core\src\Http\Middleware\ShareErrorsFromSession.php(58): Zend\Stratigility\Next->handle(Object(Zend\Diactoros\ServerRequest))
#26 C:\xampp\htdocs\forum\vendor\zendframework\zend-stratigility\src\Next.php(60): Flarum\Http\Middleware\ShareErrorsFromSession->process(Object(Zend\Diactoros\ServerRequest), Object(Zend\Stratigility\Next))
#27 C:\xampp\htdocs\forum\vendor\flarum\core\src\Http\Middleware\SetLocale.php(52): Zend\Stratigility\Next->handle(Object(Zend\Diactoros\ServerRequest))
#28 C:\xampp\htdocs\forum\vendor\zendframework\zend-stratigility\src\Next.php(60): Flarum\Http\Middleware\SetLocale->process(Object(Zend\Diactoros\ServerRequest), Object(Zend\Stratigility\Next))
#29 C:\xampp\htdocs\forum\vendor\flarum\core\src\Http\Middleware\CheckCsrfToken.php(33): Zend\Stratigility\Next->handle(Object(Zend\Diactoros\ServerRequest))
#30 C:\xampp\htdocs\forum\vendor\zendframework\zend-stratigility\src\Next.php(60): Flarum\Http\Middleware\CheckCsrfToken->process(Object(Zend\Diactoros\ServerRequest), Object(Zend\Stratigility\Next))
#31 C:\xampp\htdocs\forum\vendor\flarum\core\src\Http\Middleware\AuthenticateWithSession.php(34): Zend\Stratigility\Next->handle(Object(Zend\Diactoros\ServerRequest))
#32 C:\xampp\htdocs\forum\vendor\zendframework\zend-stratigility\src\Next.php(60): Flarum\Http\Middleware\AuthenticateWithSession->process(Object(Zend\Diactoros\ServerRequest), Object(Zend\Stratigility\Next))
#33 C:\xampp\htdocs\forum\vendor\flarum\core\src\Http\Middleware\RememberFromCookie.php(53): Zend\Stratigility\Next->handle(Object(Zend\Diactoros\ServerRequest))
#34 C:\xampp\htdocs\forum\vendor\zendframework\zend-stratigility\src\Next.php(60): Flarum\Http\Middleware\RememberFromCookie->process(Object(Zend\Diactoros\ServerRequest), Object(Zend\Stratigility\Next))
#35 C:\xampp\htdocs\forum\vendor\flarum\core\src\Http\Middleware\StartSession.php(63): Zend\Stratigility\Next->handle(Object(Zend\Diactoros\ServerRequest))
#36 C:\xampp\htdocs\forum\vendor\zendframework\zend-stratigility\src\Next.php(60): Flarum\Http\Middleware\StartSession->process(Object(Zend\Diactoros\ServerRequest), Object(Zend\Stratigility\Next))
#37 C:\xampp\htdocs\forum\vendor\flarum\core\src\Http\Middleware\CollectGarbage.php(48): Zend\Stratigility\Next->handle(Object(Zend\Diactoros\ServerRequest))
#38 C:\xampp\htdocs\forum\vendor\zendframework\zend-stratigility\src\Next.php(60): Flarum\Http\Middleware\CollectGarbage->process(Object(Zend\Diactoros\ServerRequest), Object(Zend\Stratigility\Next))
#39 C:\xampp\htdocs\forum\vendor\flarum\core\src\Http\Middleware\ParseJsonBody.php(30): Zend\Stratigility\Next->handle(Object(Zend\Diactoros\ServerRequest))
#40 C:\xampp\htdocs\forum\vendor\zendframework\zend-stratigility\src\Next.php(60): Flarum\Http\Middleware\ParseJsonBody->process(Object(Zend\Diactoros\ServerRequest), Object(Zend\Stratigility\Next))
#41 C:\xampp\htdocs\forum\vendor\flarum\core\src\Http\Middleware\HandleErrors.php(59): Zend\Stratigility\Next->handle(Object(Zend\Diactoros\ServerRequest))
#42 C:\xampp\htdocs\forum\vendor\zendframework\zend-stratigility\src\Next.php(60): Flarum\Http\Middleware\HandleErrors->process(Object(Zend\Diactoros\ServerRequest), Object(Zend\Stratigility\Next))
#43 C:\xampp\htdocs\forum\vendor\zendframework\zend-stratigility\src\MiddlewarePipe.php(83): Zend\Stratigility\Next->handle(Object(Zend\Diactoros\ServerRequest))
#44 C:\xampp\htdocs\forum\vendor\middlewares\request-handler\src\RequestHandler.php(84): Zend\Stratigility\MiddlewarePipe->process(Object(Zend\Diactoros\ServerRequest), Object(Zend\Stratigility\Next))
#45 C:\xampp\htdocs\forum\vendor\zendframework\zend-stratigility\src\Next.php(60): Middlewares\RequestHandler->process(Object(Zend\Diactoros\ServerRequest), Object(Zend\Stratigility\Next))
#46 C:\xampp\htdocs\forum\vendor\middlewares\base-path-router\src\BasePathRouter.php(97): Zend\Stratigility\Next->handle(Object(Zend\Diactoros\ServerRequest))
#47 C:\xampp\htdocs\forum\vendor\zendframework\zend-stratigility\src\Next.php(60): Middlewares\BasePathRouter->process(Object(Zend\Diactoros\ServerRequest), Object(Zend\Stratigility\Next))
#48 C:\xampp\htdocs\forum\vendor\zendframework\zend-stratigility\src\Middleware\OriginalMessages.php(41): Zend\Stratigility\Next->handle(Object(Zend\Diactoros\ServerRequest))
#49 C:\xampp\htdocs\forum\vendor\zendframework\zend-stratigility\src\Next.php(60): Zend\Stratigility\Middleware\OriginalMessages->process(Object(Zend\Diactoros\ServerRequest), Object(Zend\Stratigility\Next))
#50 C:\xampp\htdocs\forum\vendor\middlewares\base-path\src\BasePath.php(53): Zend\Stratigility\Next->handle(Object(Zend\Diactoros\ServerRequest))
#51 C:\xampp\htdocs\forum\vendor\zendframework\zend-stratigility\src\Next.php(60): Middlewares\BasePath->process(Object(Zend\Diactoros\ServerRequest), Object(Zend\Stratigility\Next))
#52 C:\xampp\htdocs\forum\vendor\zendframework\zend-stratigility\src\MiddlewarePipe.php(83): Zend\Stratigility\Next->handle(Object(Zend\Diactoros\ServerRequest))
#53 C:\xampp\htdocs\forum\vendor\zendframework\zend-stratigility\src\MiddlewarePipe.php(72): Zend\Stratigility\MiddlewarePipe->process(Object(Zend\Diactoros\ServerRequest), Object(Zend\Stratigility\EmptyPipelineHandler))
#54 C:\xampp\htdocs\forum\vendor\zendframework\zend-httphandlerrunner\src\RequestHandlerRunner.php(95): Zend\Stratigility\MiddlewarePipe->handle(Object(Zend\Diactoros\ServerRequest))
#55 C:\xampp\htdocs\forum\vendor\flarum\core\src\Http\Server.php(46): Zend\HttpHandlerRunner\RequestHandlerRunner->run()
#56 C:\xampp\htdocs\forum\public\index.php(22): Flarum\Http\Server->listen()
#57 {main}  
[2019-11-22 09:17:11] production.ERROR: Swift_TransportException: Failed to authenticate on SMTP server with username "hamdanrobbi@gmail.com" using 3 possible authenticators. Authenticator LOGIN returned Expected response code 235 but got code "535", with message "535-5.7.8 Username and Password not accepted. Learn more at
535 5.7.8  https://support.google.com/mail/?p=BadCredentials w4sm2292315pjt.21 - gsmtp
". Authenticator PLAIN returned Expected response code 235 but got code "535", with message "535-5.7.8 Username and Password not accepted. Learn more at
535 5.7.8  https://support.google.com/mail/?p=BadCredentials w4sm2292315pjt.21 - gsmtp
". Authenticator XOAUTH2 returned Expected response code 250 but got code "535", with message "535-5.7.8 Username and Password not accepted. Learn more at
535 5.7.8  https://support.google.com/mail/?p=BadCredentials w4sm2292315pjt.21 - gsmtp
". in C:\xampp\htdocs\forum\vendor\swiftmailer\swiftmailer\lib\classes\Swift\Transport\Esmtp\AuthHandler.php:191
Stack trace:
#0 C:\xampp\htdocs\forum\vendor\swiftmailer\swiftmailer\lib\classes\Swift\Transport\EsmtpTransport.php(371): Swift_Transport_Esmtp_AuthHandler->afterEhlo(Object(Swift_SmtpTransport))
#1 C:\xampp\htdocs\forum\vendor\swiftmailer\swiftmailer\lib\classes\Swift\Transport\AbstractSmtpTransport.php(148): Swift_Transport_EsmtpTransport->doHeloCommand()
#2 C:\xampp\htdocs\forum\vendor\swiftmailer\swiftmailer\lib\classes\Swift\Mailer.php(65): Swift_Transport_AbstractSmtpTransport->start()
#3 C:\xampp\htdocs\forum\vendor\illuminate\mail\Mailer.php(483): Swift_Mailer->send(Object(Swift_Message), Array)
#4 C:\xampp\htdocs\forum\vendor\illuminate\mail\Mailer.php(259): Illuminate\Mail\Mailer->sendSwiftMessage(Object(Swift_Message))
#5 C:\xampp\htdocs\forum\vendor\illuminate\mail\Mailer.php(183): Illuminate\Mail\Mailer->send(NULL, Array, Object(Closure))
#6 C:\xampp\htdocs\forum\vendor\flarum\core\src\Api\Controller\SendConfirmationEmailController.php(94): Illuminate\Mail\Mailer->raw('Hey bebas!\n\nSom...', Object(Closure))
#7 C:\xampp\htdocs\forum\vendor\flarum\core\src\Http\RouteHandlerFactory.php(40): Flarum\Api\Controller\SendConfirmationEmailController->handle(Object(Zend\Diactoros\ServerRequest))
#8 C:\xampp\htdocs\forum\vendor\flarum\core\src\Http\Middleware\DispatchRoute.php(67): Flarum\Http\RouteHandlerFactory->Flarum\Http\{closure}(Object(Zend\Diactoros\ServerRequest), Array)
#9 C:\xampp\htdocs\forum\vendor\zendframework\zend-stratigility\src\Next.php(60): Flarum\Http\Middleware\DispatchRoute->process(Object(Zend\Diactoros\ServerRequest), Object(Closure))
#10 C:\xampp\htdocs\forum\vendor\flarum\core\src\Http\Middleware\SetLocale.php(52): Zend\Stratigility\Next->handle(Object(Zend\Diactoros\ServerRequest))
#11 C:\xampp\htdocs\forum\vendor\zendframework\zend-stratigility\src\Next.php(60): Flarum\Http\Middleware\SetLocale->process(Object(Zend\Diactoros\ServerRequest), Object(Zend\Stratigility\Next))
#12 C:\xampp\htdocs\forum\vendor\flarum\core\src\Http\Middleware\CheckCsrfToken.php(33): Zend\Stratigility\Next->handle(Object(Zend\Diactoros\ServerRequest))
#13 C:\xampp\htdocs\forum\vendor\zendframework\zend-stratigility\src\Next.php(60): Flarum\Http\Middleware\CheckCsrfToken->process(Object(Zend\Diactoros\ServerRequest), Object(Zend\Stratigility\Next))
#14 C:\xampp\htdocs\forum\vendor\flarum\core\src\Http\Middleware\AuthenticateWithHeader.php(57): Zend\Stratigility\Next->handle(Object(Zend\Diactoros\ServerRequest))
#15 C:\xampp\htdocs\forum\vendor\zendframework\zend-stratigility\src\Next.php(60): Flarum\Http\Middleware\AuthenticateWithHeader->process(Object(Zend\Diactoros\ServerRequest), Object(Zend\Stratigility\Next))
#16 C:\xampp\htdocs\forum\vendor\flarum\core\src\Http\Middleware\AuthenticateWithSession.php(34): Zend\Stratigility\Next->handle(Object(Zend\Diactoros\ServerRequest))
#17 C:\xampp\htdocs\forum\vendor\zendframework\zend-stratigility\src\Next.php(60): Flarum\Http\Middleware\AuthenticateWithSession->process(Object(Zend\Diactoros\ServerRequest), Object(Zend\Stratigility\Next))
#18 C:\xampp\htdocs\forum\vendor\flarum\core\src\Http\Middleware\RememberFromCookie.php(53): Zend\Stratigility\Next->handle(Object(Zend\Diactoros\ServerRequest))
#19 C:\xampp\htdocs\forum\vendor\zendframework\zend-stratigility\src\Next.php(60): Flarum\Http\Middleware\RememberFromCookie->process(Object(Zend\Diactoros\ServerRequest), Object(Zend\Stratigility\Next))
#20 C:\xampp\htdocs\forum\vendor\flarum\core\src\Http\Middleware\StartSession.php(63): Zend\Stratigility\Next->handle(Object(Zend\Diactoros\ServerRequest))
#21 C:\xampp\htdocs\forum\vendor\zendframework\zend-stratigility\src\Next.php(60): Flarum\Http\Middleware\StartSession->process(Object(Zend\Diactoros\ServerRequest), Object(Zend\Stratigility\Next))
#22 C:\xampp\htdocs\forum\vendor\flarum\core\src\Api\Middleware\FakeHttpMethods.php(31): Zend\Stratigility\Next->handle(Object(Zend\Diactoros\ServerRequest))
#23 C:\xampp\htdocs\forum\vendor\zendframework\zend-stratigility\src\Next.php(60): Flarum\Api\Middleware\FakeHttpMethods->process(Object(Zend\Diactoros\ServerRequest), Object(Zend\Stratigility\Next))
#24 C:\xampp\htdocs\forum\vendor\flarum\core\src\Http\Middleware\ParseJsonBody.php(30): Zend\Stratigility\Next->handle(Object(Zend\Diactoros\ServerRequest))
#25 C:\xampp\htdocs\forum\vendor\zendframework\zend-stratigility\src\Next.php(60): Flarum\Http\Middleware\ParseJsonBody->process(Object(Zend\Diactoros\ServerRequest), Object(Zend\Stratigility\Next))
#26 C:\xampp\htdocs\forum\vendor\flarum\core\src\Http\Middleware\HandleErrors.php(59): Zend\Stratigility\Next->handle(Object(Zend\Diactoros\ServerRequest))
#27 C:\xampp\htdocs\forum\vendor\zendframework\zend-stratigility\src\Next.php(60): Flarum\Http\Middleware\HandleErrors->process(Object(Zend\Diactoros\ServerRequest), Object(Zend\Stratigility\Next))
#28 C:\xampp\htdocs\forum\vendor\zendframework\zend-stratigility\src\MiddlewarePipe.php(83): Zend\Stratigility\Next->handle(Object(Zend\Diactoros\ServerRequest))
#29 C:\xampp\htdocs\forum\vendor\middlewares\request-handler\src\RequestHandler.php(84): Zend\Stratigility\MiddlewarePipe->process(Object(Zend\Diactoros\ServerRequest), Object(Zend\Stratigility\Next))
#30 C:\xampp\htdocs\forum\vendor\zendframework\zend-stratigility\src\Next.php(60): Middlewares\RequestHandler->process(Object(Zend\Diactoros\ServerRequest), Object(Zend\Stratigility\Next))
#31 C:\xampp\htdocs\forum\vendor\middlewares\base-path-router\src\BasePathRouter.php(97): Zend\Stratigility\Next->handle(Object(Zend\Diactoros\ServerRequest))
#32 C:\xampp\htdocs\forum\vendor\zendframework\zend-stratigility\src\Next.php(60): Middlewares\BasePathRouter->process(Object(Zend\Diactoros\ServerRequest), Object(Zend\Stratigility\Next))
#33 C:\xampp\htdocs\forum\vendor\zendframework\zend-stratigility\src\Middleware\OriginalMessages.php(41): Zend\Stratigility\Next->handle(Object(Zend\Diactoros\ServerRequest))
#34 C:\xampp\htdocs\forum\vendor\zendframework\zend-stratigility\src\Next.php(60): Zend\Stratigility\Middleware\OriginalMessages->process(Object(Zend\Diactoros\ServerRequest), Object(Zend\Stratigility\Next))
#35 C:\xampp\htdocs\forum\vendor\middlewares\base-path\src\BasePath.php(53): Zend\Stratigility\Next->handle(Object(Zend\Diactoros\ServerRequest))
#36 C:\xampp\htdocs\forum\vendor\zendframework\zend-stratigility\src\Next.php(60): Middlewares\BasePath->process(Object(Zend\Diactoros\ServerRequest), Object(Zend\Stratigility\Next))
#37 C:\xampp\htdocs\forum\vendor\zendframework\zend-stratigility\src\MiddlewarePipe.php(83): Zend\Stratigility\Next->handle(Object(Zend\Diactoros\ServerRequest))
#38 C:\xampp\htdocs\forum\vendor\zendframework\zend-stratigility\src\MiddlewarePipe.php(72): Zend\Stratigility\MiddlewarePipe->process(Object(Zend\Diactoros\ServerRequest), Object(Zend\Stratigility\EmptyPipelineHandler))
#39 C:\xampp\htdocs\forum\vendor\zendframework\zend-httphandlerrunner\src\RequestHandlerRunner.php(95): Zend\Stratigility\MiddlewarePipe->handle(Object(Zend\Diactoros\ServerRequest))
#40 C:\xampp\htdocs\forum\vendor\flarum\core\src\Http\Server.php(46): Zend\HttpHandlerRunner\RequestHandlerRunner->run()
#41 C:\xampp\htdocs\forum\public\index.php(22): Flarum\Http\Server->listen()
#42 {main}  
[2019-11-22 09:17:17] production.ERROR: Swift_TransportException: Failed to authenticate on SMTP server with username "hamdanrobbi@gmail.com" using 3 possible authenticators. Authenticator LOGIN returned Expected response code 235 but got code "535", with message "535-5.7.8 Username and Password not accepted. Learn more at
535 5.7.8  https://support.google.com/mail/?p=BadCredentials y22sm6327361pfn.6 - gsmtp
". Authenticator PLAIN returned Expected response code 235 but got code "535", with message "535-5.7.8 Username and Password not accepted. Learn more at
535 5.7.8  https://support.google.com/mail/?p=BadCredentials y22sm6327361pfn.6 - gsmtp
". Authenticator XOAUTH2 returned Expected response code 250 but got code "535", with message "535-5.7.8 Username and Password not accepted. Learn more at
535 5.7.8  https://support.google.com/mail/?p=BadCredentials y22sm6327361pfn.6 - gsmtp
". in C:\xampp\htdocs\forum\vendor\swiftmailer\swiftmailer\lib\classes\Swift\Transport\Esmtp\AuthHandler.php:191
Stack trace:
#0 C:\xampp\htdocs\forum\vendor\swiftmailer\swiftmailer\lib\classes\Swift\Transport\EsmtpTransport.php(371): Swift_Transport_Esmtp_AuthHandler->afterEhlo(Object(Swift_SmtpTransport))
#1 C:\xampp\htdocs\forum\vendor\swiftmailer\swiftmailer\lib\classes\Swift\Transport\AbstractSmtpTransport.php(148): Swift_Transport_EsmtpTransport->doHeloCommand()
#2 C:\xampp\htdocs\forum\vendor\swiftmailer\swiftmailer\lib\classes\Swift\Mailer.php(65): Swift_Transport_AbstractSmtpTransport->start()
#3 C:\xampp\htdocs\forum\vendor\illuminate\mail\Mailer.php(483): Swift_Mailer->send(Object(Swift_Message), Array)
#4 C:\xampp\htdocs\forum\vendor\illuminate\mail\Mailer.php(259): Illuminate\Mail\Mailer->sendSwiftMessage(Object(Swift_Message))
#5 C:\xampp\htdocs\forum\vendor\illuminate\mail\Mailer.php(183): Illuminate\Mail\Mailer->send(NULL, Array, Object(Closure))
#6 C:\xampp\htdocs\forum\vendor\flarum\core\src\Api\Controller\SendConfirmationEmailController.php(94): Illuminate\Mail\Mailer->raw('Hey bebas!\n\nSom...', Object(Closure))
#7 C:\xampp\htdocs\forum\vendor\flarum\core\src\Http\RouteHandlerFactory.php(40): Flarum\Api\Controller\SendConfirmationEmailController->handle(Object(Zend\Diactoros\ServerRequest))
#8 C:\xampp\htdocs\forum\vendor\flarum\core\src\Http\Middleware\DispatchRoute.php(67): Flarum\Http\RouteHandlerFactory->Flarum\Http\{closure}(Object(Zend\Diactoros\ServerRequest), Array)
#9 C:\xampp\htdocs\forum\vendor\zendframework\zend-stratigility\src\Next.php(60): Flarum\Http\Middleware\DispatchRoute->process(Object(Zend\Diactoros\ServerRequest), Object(Closure))
#10 C:\xampp\htdocs\forum\vendor\flarum\core\src\Http\Middleware\SetLocale.php(52): Zend\Stratigility\Next->handle(Object(Zend\Diactoros\ServerRequest))
#11 C:\xampp\htdocs\forum\vendor\zendframework\zend-stratigility\src\Next.php(60): Flarum\Http\Middleware\SetLocale->process(Object(Zend\Diactoros\ServerRequest), Object(Zend\Stratigility\Next))
#12 C:\xampp\htdocs\forum\vendor\flarum\core\src\Http\Middleware\CheckCsrfToken.php(33): Zend\Stratigility\Next->handle(Object(Zend\Diactoros\ServerRequest))
#13 C:\xampp\htdocs\forum\vendor\zendframework\zend-stratigility\src\Next.php(60): Flarum\Http\Middleware\CheckCsrfToken->process(Object(Zend\Diactoros\ServerRequest), Object(Zend\Stratigility\Next))
#14 C:\xampp\htdocs\forum\vendor\flarum\core\src\Http\Middleware\AuthenticateWithHeader.php(57): Zend\Stratigility\Next->handle(Object(Zend\Diactoros\ServerRequest))
#15 C:\xampp\htdocs\forum\vendor\zendframework\zend-stratigility\src\Next.php(60): Flarum\Http\Middleware\AuthenticateWithHeader->process(Object(Zend\Diactoros\ServerRequest), Object(Zend\Stratigility\Next))
#16 C:\xampp\htdocs\forum\vendor\flarum\core\src\Http\Middleware\AuthenticateWithSession.php(34): Zend\Stratigility\Next->handle(Object(Zend\Diactoros\ServerRequest))
#17 C:\xampp\htdocs\forum\vendor\zendframework\zend-stratigility\src\Next.php(60): Flarum\Http\Middleware\AuthenticateWithSession->process(Object(Zend\Diactoros\ServerRequest), Object(Zend\Stratigility\Next))
#18 C:\xampp\htdocs\forum\vendor\flarum\core\src\Http\Middleware\RememberFromCookie.php(53): Zend\Stratigility\Next->handle(Object(Zend\Diactoros\ServerRequest))
#19 C:\xampp\htdocs\forum\vendor\zendframework\zend-stratigility\src\Next.php(60): Flarum\Http\Middleware\RememberFromCookie->process(Object(Zend\Diactoros\ServerRequest), Object(Zend\Stratigility\Next))
#20 C:\xampp\htdocs\forum\vendor\flarum\core\src\Http\Middleware\StartSession.php(63): Zend\Stratigility\Next->handle(Object(Zend\Diactoros\ServerRequest))
#21 C:\xampp\htdocs\forum\vendor\zendframework\zend-stratigility\src\Next.php(60): Flarum\Http\Middleware\StartSession->process(Object(Zend\Diactoros\ServerRequest), Object(Zend\Stratigility\Next))
#22 C:\xampp\htdocs\forum\vendor\flarum\core\src\Api\Middleware\FakeHttpMethods.php(31): Zend\Stratigility\Next->handle(Object(Zend\Diactoros\ServerRequest))
#23 C:\xampp\htdocs\forum\vendor\zendframework\zend-stratigility\src\Next.php(60): Flarum\Api\Middleware\FakeHttpMethods->process(Object(Zend\Diactoros\ServerRequest), Object(Zend\Stratigility\Next))
#24 C:\xampp\htdocs\forum\vendor\flarum\core\src\Http\Middleware\ParseJsonBody.php(30): Zend\Stratigility\Next->handle(Object(Zend\Diactoros\ServerRequest))
#25 C:\xampp\htdocs\forum\vendor\zendframework\zend-stratigility\src\Next.php(60): Flarum\Http\Middleware\ParseJsonBody->process(Object(Zend\Diactoros\ServerRequest), Object(Zend\Stratigility\Next))
#26 C:\xampp\htdocs\forum\vendor\flarum\core\src\Http\Middleware\HandleErrors.php(59): Zend\Stratigility\Next->handle(Object(Zend\Diactoros\ServerRequest))
#27 C:\xampp\htdocs\forum\vendor\zendframework\zend-stratigility\src\Next.php(60): Flarum\Http\Middleware\HandleErrors->process(Object(Zend\Diactoros\ServerRequest), Object(Zend\Stratigility\Next))
#28 C:\xampp\htdocs\forum\vendor\zendframework\zend-stratigility\src\MiddlewarePipe.php(83): Zend\Stratigility\Next->handle(Object(Zend\Diactoros\ServerRequest))
#29 C:\xampp\htdocs\forum\vendor\middlewares\request-handler\src\RequestHandler.php(84): Zend\Stratigility\MiddlewarePipe->process(Object(Zend\Diactoros\ServerRequest), Object(Zend\Stratigility\Next))
#30 C:\xampp\htdocs\forum\vendor\zendframework\zend-stratigility\src\Next.php(60): Middlewares\RequestHandler->process(Object(Zend\Diactoros\ServerRequest), Object(Zend\Stratigility\Next))
#31 C:\xampp\htdocs\forum\vendor\middlewares\base-path-router\src\BasePathRouter.php(97): Zend\Stratigility\Next->handle(Object(Zend\Diactoros\ServerRequest))
#32 C:\xampp\htdocs\forum\vendor\zendframework\zend-stratigility\src\Next.php(60): Middlewares\BasePathRouter->process(Object(Zend\Diactoros\ServerRequest), Object(Zend\Stratigility\Next))
#33 C:\xampp\htdocs\forum\vendor\zendframework\zend-stratigility\src\Middleware\OriginalMessages.php(41): Zend\Stratigility\Next->handle(Object(Zend\Diactoros\ServerRequest))
#34 C:\xampp\htdocs\forum\vendor\zendframework\zend-stratigility\src\Next.php(60): Zend\Stratigility\Middleware\OriginalMessages->process(Object(Zend\Diactoros\ServerRequest), Object(Zend\Stratigility\Next))
#35 C:\xampp\htdocs\forum\vendor\middlewares\base-path\src\BasePath.php(53): Zend\Stratigility\Next->handle(Object(Zend\Diactoros\ServerRequest))
#36 C:\xampp\htdocs\forum\vendor\zendframework\zend-stratigility\src\Next.php(60): Middlewares\BasePath->process(Object(Zend\Diactoros\ServerRequest), Object(Zend\Stratigility\Next))
#37 C:\xampp\htdocs\forum\vendor\zendframework\zend-stratigility\src\MiddlewarePipe.php(83): Zend\Stratigility\Next->handle(Object(Zend\Diactoros\ServerRequest))
#38 C:\xampp\htdocs\forum\vendor\zendframework\zend-stratigility\src\MiddlewarePipe.php(72): Zend\Stratigility\MiddlewarePipe->process(Object(Zend\Diactoros\ServerRequest), Object(Zend\Stratigility\EmptyPipelineHandler))
#39 C:\xampp\htdocs\forum\vendor\zendframework\zend-httphandlerrunner\src\RequestHandlerRunner.php(95): Zend\Stratigility\MiddlewarePipe->handle(Object(Zend\Diactoros\ServerRequest))
#40 C:\xampp\htdocs\forum\vendor\flarum\core\src\Http\Server.php(46): Zend\HttpHandlerRunner\RequestHandlerRunner->run()
#41 C:\xampp\htdocs\forum\public\index.php(22): Flarum\Http\Server->listen()
#42 {main}  
