[2019-11-28 18:45:12] production.ERROR: RuntimeException: Cannot retrieve stream due to upload error: The uploaded file exceeds the upload_max_filesize directive in php.ini in C:\xampp\htdocs\forum\vendor\zendframework\zend-diactoros\src\UploadedFile.php:186
Stack trace:
#0 C:\xampp\htdocs\forum\vendor\flarum\core\src\User\Command\UploadAvatarHandler.php(84): Zend\Diactoros\UploadedFile->moveTo('C:\\xampp\\htdocs...')
#1 C:\xampp\htdocs\forum\vendor\illuminate\bus\Dispatcher.php(90): Flarum\User\Command\UploadAvatarHandler->handle(Object(Flarum\User\Command\UploadAvatar))
#2 C:\xampp\htdocs\forum\vendor\illuminate\pipeline\Pipeline.php(128): Illuminate\Bus\Dispatcher->Illuminate\Bus\{closure}(Object(Flarum\User\Command\UploadAvatar))
#3 C:\xampp\htdocs\forum\vendor\illuminate\pipeline\Pipeline.php(104): Illuminate\Pipeline\Pipeline->Illuminate\Pipeline\{closure}(Object(Flarum\User\Command\UploadAvatar))
#4 C:\xampp\htdocs\forum\vendor\illuminate\bus\Dispatcher.php(98): Illuminate\Pipeline\Pipeline->then(Object(Closure))
#5 C:\xampp\htdocs\forum\vendor\illuminate\bus\Dispatcher.php(76): Illuminate\Bus\Dispatcher->dispatchNow(Object(Flarum\User\Command\UploadAvatar))
#6 C:\xampp\htdocs\forum\vendor\flarum\core\src\Api\Controller\UploadAvatarController.php(51): Illuminate\Bus\Dispatcher->dispatch(Object(Flarum\User\Command\UploadAvatar))
#7 C:\xampp\htdocs\forum\vendor\flarum\core\src\Api\Controller\AbstractSerializeController.php(98): Flarum\Api\Controller\UploadAvatarController->data(Object(Zend\Diactoros\ServerRequest), Object(Tobscure\JsonApi\Document))
#8 C:\xampp\htdocs\forum\vendor\flarum\core\src\Http\RouteHandlerFactory.php(40): Flarum\Api\Controller\AbstractSerializeController->handle(Object(Zend\Diactoros\ServerRequest))
#9 C:\xampp\htdocs\forum\vendor\flarum\core\src\Http\Middleware\DispatchRoute.php(67): Flarum\Http\RouteHandlerFactory->Flarum\Http\{closure}(Object(Zend\Diactoros\ServerRequest), Array)
#10 C:\xampp\htdocs\forum\vendor\zendframework\zend-stratigility\src\Next.php(60): Flarum\Http\Middleware\DispatchRoute->process(Object(Zend\Diactoros\ServerRequest), Object(Closure))
#11 C:\xampp\htdocs\forum\vendor\flarum\core\src\Http\Middleware\SetLocale.php(52): Zend\Stratigility\Next->handle(Object(Zend\Diactoros\ServerRequest))
#12 C:\xampp\htdocs\forum\vendor\zendframework\zend-stratigility\src\Next.php(60): Flarum\Http\Middleware\SetLocale->process(Object(Zend\Diactoros\ServerRequest), Object(Zend\Stratigility\Next))
#13 C:\xampp\htdocs\forum\vendor\flarum\core\src\Http\Middleware\CheckCsrfToken.php(33): Zend\Stratigility\Next->handle(Object(Zend\Diactoros\ServerRequest))
#14 C:\xampp\htdocs\forum\vendor\zendframework\zend-stratigility\src\Next.php(60): Flarum\Http\Middleware\CheckCsrfToken->process(Object(Zend\Diactoros\ServerRequest), Object(Zend\Stratigility\Next))
#15 C:\xampp\htdocs\forum\vendor\flarum\core\src\Http\Middleware\AuthenticateWithHeader.php(57): Zend\Stratigility\Next->handle(Object(Zend\Diactoros\ServerRequest))
#16 C:\xampp\htdocs\forum\vendor\zendframework\zend-stratigility\src\Next.php(60): Flarum\Http\Middleware\AuthenticateWithHeader->process(Object(Zend\Diactoros\ServerRequest), Object(Zend\Stratigility\Next))
#17 C:\xampp\htdocs\forum\vendor\flarum\core\src\Http\Middleware\AuthenticateWithSession.php(34): Zend\Stratigility\Next->handle(Object(Zend\Diactoros\ServerRequest))
#18 C:\xampp\htdocs\forum\vendor\zendframework\zend-stratigility\src\Next.php(60): Flarum\Http\Middleware\AuthenticateWithSession->process(Object(Zend\Diactoros\ServerRequest), Object(Zend\Stratigility\Next))
#19 C:\xampp\htdocs\forum\vendor\flarum\core\src\Http\Middleware\RememberFromCookie.php(53): Zend\Stratigility\Next->handle(Object(Zend\Diactoros\ServerRequest))
#20 C:\xampp\htdocs\forum\vendor\zendframework\zend-stratigility\src\Next.php(60): Flarum\Http\Middleware\RememberFromCookie->process(Object(Zend\Diactoros\ServerRequest), Object(Zend\Stratigility\Next))
#21 C:\xampp\htdocs\forum\vendor\flarum\core\src\Http\Middleware\StartSession.php(63): Zend\Stratigility\Next->handle(Object(Zend\Diactoros\ServerRequest))
#22 C:\xampp\htdocs\forum\vendor\zendframework\zend-stratigility\src\Next.php(60): Flarum\Http\Middleware\StartSession->process(Object(Zend\Diactoros\ServerRequest), Object(Zend\Stratigility\Next))
#23 C:\xampp\htdocs\forum\vendor\flarum\core\src\Api\Middleware\FakeHttpMethods.php(31): Zend\Stratigility\Next->handle(Object(Zend\Diactoros\ServerRequest))
#24 C:\xampp\htdocs\forum\vendor\zendframework\zend-stratigility\src\Next.php(60): Flarum\Api\Middleware\FakeHttpMethods->process(Object(Zend\Diactoros\ServerRequest), Object(Zend\Stratigility\Next))
#25 C:\xampp\htdocs\forum\vendor\flarum\core\src\Http\Middleware\ParseJsonBody.php(30): Zend\Stratigility\Next->handle(Object(Zend\Diactoros\ServerRequest))
#26 C:\xampp\htdocs\forum\vendor\zendframework\zend-stratigility\src\Next.php(60): Flarum\Http\Middleware\ParseJsonBody->process(Object(Zend\Diactoros\ServerRequest), Object(Zend\Stratigility\Next))
#27 C:\xampp\htdocs\forum\vendor\flarum\core\src\Http\Middleware\HandleErrors.php(59): Zend\Stratigility\Next->handle(Object(Zend\Diactoros\ServerRequest))
#28 C:\xampp\htdocs\forum\vendor\zendframework\zend-stratigility\src\Next.php(60): Flarum\Http\Middleware\HandleErrors->process(Object(Zend\Diactoros\ServerRequest), Object(Zend\Stratigility\Next))
#29 C:\xampp\htdocs\forum\vendor\zendframework\zend-stratigility\src\MiddlewarePipe.php(83): Zend\Stratigility\Next->handle(Object(Zend\Diactoros\ServerRequest))
#30 C:\xampp\htdocs\forum\vendor\middlewares\request-handler\src\RequestHandler.php(84): Zend\Stratigility\MiddlewarePipe->process(Object(Zend\Diactoros\ServerRequest), Object(Zend\Stratigility\Next))
#31 C:\xampp\htdocs\forum\vendor\zendframework\zend-stratigility\src\Next.php(60): Middlewares\RequestHandler->process(Object(Zend\Diactoros\ServerRequest), Object(Zend\Stratigility\Next))
#32 C:\xampp\htdocs\forum\vendor\middlewares\base-path-router\src\BasePathRouter.php(97): Zend\Stratigility\Next->handle(Object(Zend\Diactoros\ServerRequest))
#33 C:\xampp\htdocs\forum\vendor\zendframework\zend-stratigility\src\Next.php(60): Middlewares\BasePathRouter->process(Object(Zend\Diactoros\ServerRequest), Object(Zend\Stratigility\Next))
#34 C:\xampp\htdocs\forum\vendor\zendframework\zend-stratigility\src\Middleware\OriginalMessages.php(41): Zend\Stratigility\Next->handle(Object(Zend\Diactoros\ServerRequest))
#35 C:\xampp\htdocs\forum\vendor\zendframework\zend-stratigility\src\Next.php(60): Zend\Stratigility\Middleware\OriginalMessages->process(Object(Zend\Diactoros\ServerRequest), Object(Zend\Stratigility\Next))
#36 C:\xampp\htdocs\forum\vendor\middlewares\base-path\src\BasePath.php(53): Zend\Stratigility\Next->handle(Object(Zend\Diactoros\ServerRequest))
#37 C:\xampp\htdocs\forum\vendor\zendframework\zend-stratigility\src\Next.php(60): Middlewares\BasePath->process(Object(Zend\Diactoros\ServerRequest), Object(Zend\Stratigility\Next))
#38 C:\xampp\htdocs\forum\vendor\zendframework\zend-stratigility\src\MiddlewarePipe.php(83): Zend\Stratigility\Next->handle(Object(Zend\Diactoros\ServerRequest))
#39 C:\xampp\htdocs\forum\vendor\zendframework\zend-stratigility\src\MiddlewarePipe.php(72): Zend\Stratigility\MiddlewarePipe->process(Object(Zend\Diactoros\ServerRequest), Object(Zend\Stratigility\EmptyPipelineHandler))
#40 C:\xampp\htdocs\forum\vendor\zendframework\zend-httphandlerrunner\src\RequestHandlerRunner.php(95): Zend\Stratigility\MiddlewarePipe->handle(Object(Zend\Diactoros\ServerRequest))
#41 C:\xampp\htdocs\forum\vendor\flarum\core\src\Http\Server.php(46): Zend\HttpHandlerRunner\RequestHandlerRunner->run()
#42 C:\xampp\htdocs\forum\public\index.php(22): Flarum\Http\Server->listen()
#43 {main}  
