[2019-12-01 12:47:39] production.ERROR: PDOException: SQLSTATE[23000]: Integrity constraint violation: 1062 Duplicate entry '3-1' for key 'db_posts_discussion_id_number_unique' in C:\xampp\htdocs\forum\vendor\doctrine\dbal\lib\Doctrine\DBAL\Driver\PDOStatement.php:121
Stack trace:
#0 C:\xampp\htdocs\forum\vendor\doctrine\dbal\lib\Doctrine\DBAL\Driver\PDOStatement.php(121): PDOStatement->execute(NULL)
#1 C:\xampp\htdocs\forum\vendor\illuminate\database\Connection.php(458): Doctrine\DBAL\Driver\PDOStatement->execute()
#2 C:\xampp\htdocs\forum\vendor\illuminate\database\Connection.php(657): Illuminate\Database\Connection->Illuminate\Database\{closure}('insert into `db...', Array)
#3 C:\xampp\htdocs\forum\vendor\illuminate\database\Connection.php(624): Illuminate\Database\Connection->runQueryCallback('insert into `db...', Array, Object(Closure))
#4 C:\xampp\htdocs\forum\vendor\illuminate\database\Connection.php(459): Illuminate\Database\Connection->run('insert into `db...', Array, Object(Closure))
#5 C:\xampp\htdocs\forum\vendor\illuminate\database\Connection.php(411): Illuminate\Database\Connection->statement('insert into `db...', Array)
#6 C:\xampp\htdocs\forum\vendor\illuminate\database\Query\Processors\Processor.php(32): Illuminate\Database\Connection->insert('insert into `db...', Array)
#7 C:\xampp\htdocs\forum\vendor\illuminate\database\Query\Builder.php(2628): Illuminate\Database\Query\Processors\Processor->processInsertGetId(Object(Illuminate\Database\Query\Builder), 'insert into `db...', Array, 'id')
#8 C:\xampp\htdocs\forum\vendor\illuminate\database\Eloquent\Builder.php(1338): Illuminate\Database\Query\Builder->insertGetId(Array, 'id')
#9 C:\xampp\htdocs\forum\vendor\illuminate\database\Eloquent\Model.php(823): Illuminate\Database\Eloquent\Builder->__call('insertGetId', Array)
#10 C:\xampp\htdocs\forum\vendor\illuminate\database\Eloquent\Model.php(788): Illuminate\Database\Eloquent\Model->insertAndSetId(Object(Illuminate\Database\Eloquent\Builder), Array)
#11 C:\xampp\htdocs\forum\vendor\illuminate\database\Eloquent\Model.php(651): Illuminate\Database\Eloquent\Model->performInsert(Object(Illuminate\Database\Eloquent\Builder))
#12 C:\xampp\htdocs\forum\vendor\flarum\core\src\Post\Command\PostReplyHandler.php(105): Illuminate\Database\Eloquent\Model->save()
#13 C:\xampp\htdocs\forum\vendor\illuminate\bus\Dispatcher.php(90): Flarum\Post\Command\PostReplyHandler->handle(Object(Flarum\Post\Command\PostReply))
#14 C:\xampp\htdocs\forum\vendor\illuminate\pipeline\Pipeline.php(128): Illuminate\Bus\Dispatcher->Illuminate\Bus\{closure}(Object(Flarum\Post\Command\PostReply))
#15 C:\xampp\htdocs\forum\vendor\illuminate\pipeline\Pipeline.php(104): Illuminate\Pipeline\Pipeline->Illuminate\Pipeline\{closure}(Object(Flarum\Post\Command\PostReply))
#16 C:\xampp\htdocs\forum\vendor\illuminate\bus\Dispatcher.php(98): Illuminate\Pipeline\Pipeline->then(Object(Closure))
#17 C:\xampp\htdocs\forum\vendor\illuminate\bus\Dispatcher.php(76): Illuminate\Bus\Dispatcher->dispatchNow(Object(Flarum\Post\Command\PostReply))
#18 C:\xampp\htdocs\forum\vendor\flarum\core\src\Discussion\Command\StartDiscussionHandler.php(86): Illuminate\Bus\Dispatcher->dispatch(Object(Flarum\Post\Command\PostReply))
#19 C:\xampp\htdocs\forum\vendor\illuminate\bus\Dispatcher.php(90): Flarum\Discussion\Command\StartDiscussionHandler->handle(Object(Flarum\Discussion\Command\StartDiscussion))
#20 C:\xampp\htdocs\forum\vendor\illuminate\pipeline\Pipeline.php(128): Illuminate\Bus\Dispatcher->Illuminate\Bus\{closure}(Object(Flarum\Discussion\Command\StartDiscussion))
#21 C:\xampp\htdocs\forum\vendor\illuminate\pipeline\Pipeline.php(104): Illuminate\Pipeline\Pipeline->Illuminate\Pipeline\{closure}(Object(Flarum\Discussion\Command\StartDiscussion))
#22 C:\xampp\htdocs\forum\vendor\illuminate\bus\Dispatcher.php(98): Illuminate\Pipeline\Pipeline->then(Object(Closure))
#23 C:\xampp\htdocs\forum\vendor\illuminate\bus\Dispatcher.php(76): Illuminate\Bus\Dispatcher->dispatchNow(Object(Flarum\Discussion\Command\StartDiscussion))
#24 C:\xampp\htdocs\forum\vendor\flarum\core\src\Api\Controller\CreateDiscussionController.php(74): Illuminate\Bus\Dispatcher->dispatch(Object(Flarum\Discussion\Command\StartDiscussion))
#25 C:\xampp\htdocs\forum\vendor\flarum\core\src\Api\Controller\AbstractSerializeController.php(98): Flarum\Api\Controller\CreateDiscussionController->data(Object(Zend\Diactoros\ServerRequest), Object(Tobscure\JsonApi\Document))
#26 C:\xampp\htdocs\forum\vendor\flarum\core\src\Api\Controller\AbstractCreateController.php(24): Flarum\Api\Controller\AbstractSerializeController->handle(Object(Zend\Diactoros\ServerRequest))
#27 C:\xampp\htdocs\forum\vendor\flarum\core\src\Http\RouteHandlerFactory.php(40): Flarum\Api\Controller\AbstractCreateController->handle(Object(Zend\Diactoros\ServerRequest))
#28 C:\xampp\htdocs\forum\vendor\flarum\core\src\Http\Middleware\DispatchRoute.php(67): Flarum\Http\RouteHandlerFactory->Flarum\Http\{closure}(Object(Zend\Diactoros\ServerRequest), Array)
#29 C:\xampp\htdocs\forum\vendor\zendframework\zend-stratigility\src\Next.php(60): Flarum\Http\Middleware\DispatchRoute->process(Object(Zend\Diactoros\ServerRequest), Object(Closure))
#30 C:\xampp\htdocs\forum\vendor\flarum\core\src\Http\Middleware\SetLocale.php(52): Zend\Stratigility\Next->handle(Object(Zend\Diactoros\ServerRequest))
#31 C:\xampp\htdocs\forum\vendor\zendframework\zend-stratigility\src\Next.php(60): Flarum\Http\Middleware\SetLocale->process(Object(Zend\Diactoros\ServerRequest), Object(Zend\Stratigility\Next))
#32 C:\xampp\htdocs\forum\vendor\flarum\core\src\Http\Middleware\CheckCsrfToken.php(33): Zend\Stratigility\Next->handle(Object(Zend\Diactoros\ServerRequest))
#33 C:\xampp\htdocs\forum\vendor\zendframework\zend-stratigility\src\Next.php(60): Flarum\Http\Middleware\CheckCsrfToken->process(Object(Zend\Diactoros\ServerRequest), Object(Zend\Stratigility\Next))
#34 C:\xampp\htdocs\forum\vendor\flarum\core\src\Http\Middleware\AuthenticateWithHeader.php(57): Zend\Stratigility\Next->handle(Object(Zend\Diactoros\ServerRequest))
#35 C:\xampp\htdocs\forum\vendor\zendframework\zend-stratigility\src\Next.php(60): Flarum\Http\Middleware\AuthenticateWithHeader->process(Object(Zend\Diactoros\ServerRequest), Object(Zend\Stratigility\Next))
#36 C:\xampp\htdocs\forum\vendor\flarum\core\src\Http\Middleware\AuthenticateWithSession.php(34): Zend\Stratigility\Next->handle(Object(Zend\Diactoros\ServerRequest))
#37 C:\xampp\htdocs\forum\vendor\zendframework\zend-stratigility\src\Next.php(60): Flarum\Http\Middleware\AuthenticateWithSession->process(Object(Zend\Diactoros\ServerRequest), Object(Zend\Stratigility\Next))
#38 C:\xampp\htdocs\forum\vendor\flarum\core\src\Http\Middleware\RememberFromCookie.php(53): Zend\Stratigility\Next->handle(Object(Zend\Diactoros\ServerRequest))
#39 C:\xampp\htdocs\forum\vendor\zendframework\zend-stratigility\src\Next.php(60): Flarum\Http\Middleware\RememberFromCookie->process(Object(Zend\Diactoros\ServerRequest), Object(Zend\Stratigility\Next))
#40 C:\xampp\htdocs\forum\vendor\flarum\core\src\Http\Middleware\StartSession.php(63): Zend\Stratigility\Next->handle(Object(Zend\Diactoros\ServerRequest))
#41 C:\xampp\htdocs\forum\vendor\zendframework\zend-stratigility\src\Next.php(60): Flarum\Http\Middleware\StartSession->process(Object(Zend\Diactoros\ServerRequest), Object(Zend\Stratigility\Next))
#42 C:\xampp\htdocs\forum\vendor\flarum\core\src\Api\Middleware\FakeHttpMethods.php(31): Zend\Stratigility\Next->handle(Object(Zend\Diactoros\ServerRequest))
#43 C:\xampp\htdocs\forum\vendor\zendframework\zend-stratigility\src\Next.php(60): Flarum\Api\Middleware\FakeHttpMethods->process(Object(Zend\Diactoros\ServerRequest), Object(Zend\Stratigility\Next))
#44 C:\xampp\htdocs\forum\vendor\flarum\core\src\Http\Middleware\ParseJsonBody.php(30): Zend\Stratigility\Next->handle(Object(Zend\Diactoros\ServerRequest))
#45 C:\xampp\htdocs\forum\vendor\zendframework\zend-stratigility\src\Next.php(60): Flarum\Http\Middleware\ParseJsonBody->process(Object(Zend\Diactoros\ServerRequest), Object(Zend\Stratigility\Next))
#46 C:\xampp\htdocs\forum\vendor\flarum\core\src\Http\Middleware\HandleErrors.php(59): Zend\Stratigility\Next->handle(Object(Zend\Diactoros\ServerRequest))
#47 C:\xampp\htdocs\forum\vendor\zendframework\zend-stratigility\src\Next.php(60): Flarum\Http\Middleware\HandleErrors->process(Object(Zend\Diactoros\ServerRequest), Object(Zend\Stratigility\Next))
#48 C:\xampp\htdocs\forum\vendor\zendframework\zend-stratigility\src\MiddlewarePipe.php(83): Zend\Stratigility\Next->handle(Object(Zend\Diactoros\ServerRequest))
#49 C:\xampp\htdocs\forum\vendor\middlewares\request-handler\src\RequestHandler.php(84): Zend\Stratigility\MiddlewarePipe->process(Object(Zend\Diactoros\ServerRequest), Object(Zend\Stratigility\Next))
#50 C:\xampp\htdocs\forum\vendor\zendframework\zend-stratigility\src\Next.php(60): Middlewares\RequestHandler->process(Object(Zend\Diactoros\ServerRequest), Object(Zend\Stratigility\Next))
#51 C:\xampp\htdocs\forum\vendor\middlewares\base-path-router\src\BasePathRouter.php(97): Zend\Stratigility\Next->handle(Object(Zend\Diactoros\ServerRequest))
#52 C:\xampp\htdocs\forum\vendor\zendframework\zend-stratigility\src\Next.php(60): Middlewares\BasePathRouter->process(Object(Zend\Diactoros\ServerRequest), Object(Zend\Stratigility\Next))
#53 C:\xampp\htdocs\forum\vendor\zendframework\zend-stratigility\src\Middleware\OriginalMessages.php(41): Zend\Stratigility\Next->handle(Object(Zend\Diactoros\ServerRequest))
#54 C:\xampp\htdocs\forum\vendor\zendframework\zend-stratigility\src\Next.php(60): Zend\Stratigility\Middleware\OriginalMessages->process(Object(Zend\Diactoros\ServerRequest), Object(Zend\Stratigility\Next))
#55 C:\xampp\htdocs\forum\vendor\middlewares\base-path\src\BasePath.php(53): Zend\Stratigility\Next->handle(Object(Zend\Diactoros\ServerRequest))
#56 C:\xampp\htdocs\forum\vendor\zendframework\zend-stratigility\src\Next.php(60): Middlewares\BasePath->process(Object(Zend\Diactoros\ServerRequest), Object(Zend\Stratigility\Next))
#57 C:\xampp\htdocs\forum\vendor\zendframework\zend-stratigility\src\MiddlewarePipe.php(83): Zend\Stratigility\Next->handle(Object(Zend\Diactoros\ServerRequest))
#58 C:\xampp\htdocs\forum\vendor\zendframework\zend-stratigility\src\MiddlewarePipe.php(72): Zend\Stratigility\MiddlewarePipe->process(Object(Zend\Diactoros\ServerRequest), Object(Zend\Stratigility\EmptyPipelineHandler))
#59 C:\xampp\htdocs\forum\vendor\zendframework\zend-httphandlerrunner\src\RequestHandlerRunner.php(95): Zend\Stratigility\MiddlewarePipe->handle(Object(Zend\Diactoros\ServerRequest))
#60 C:\xampp\htdocs\forum\vendor\flarum\core\src\Http\Server.php(46): Zend\HttpHandlerRunner\RequestHandlerRunner->run()
#61 C:\xampp\htdocs\forum\public\index.php(22): Flarum\Http\Server->listen()
#62 {main}

Next Doctrine\DBAL\Driver\PDOException: SQLSTATE[23000]: Integrity constraint violation: 1062 Duplicate entry '3-1' for key 'db_posts_discussion_id_number_unique' in C:\xampp\htdocs\forum\vendor\doctrine\dbal\lib\Doctrine\DBAL\Driver\PDOStatement.php:123
Stack trace:
#0 C:\xampp\htdocs\forum\vendor\illuminate\database\Connection.php(458): Doctrine\DBAL\Driver\PDOStatement->execute()
#1 C:\xampp\htdocs\forum\vendor\illuminate\database\Connection.php(657): Illuminate\Database\Connection->Illuminate\Database\{closure}('insert into `db...', Array)
#2 C:\xampp\htdocs\forum\vendor\illuminate\database\Connection.php(624): Illuminate\Database\Connection->runQueryCallback('insert into `db...', Array, Object(Closure))
#3 C:\xampp\htdocs\forum\vendor\illuminate\database\Connection.php(459): Illuminate\Database\Connection->run('insert into `db...', Array, Object(Closure))
#4 C:\xampp\htdocs\forum\vendor\illuminate\database\Connection.php(411): Illuminate\Database\Connection->statement('insert into `db...', Array)
#5 C:\xampp\htdocs\forum\vendor\illuminate\database\Query\Processors\Processor.php(32): Illuminate\Database\Connection->insert('insert into `db...', Array)
#6 C:\xampp\htdocs\forum\vendor\illuminate\database\Query\Builder.php(2628): Illuminate\Database\Query\Processors\Processor->processInsertGetId(Object(Illuminate\Database\Query\Builder), 'insert into `db...', Array, 'id')
#7 C:\xampp\htdocs\forum\vendor\illuminate\database\Eloquent\Builder.php(1338): Illuminate\Database\Query\Builder->insertGetId(Array, 'id')
#8 C:\xampp\htdocs\forum\vendor\illuminate\database\Eloquent\Model.php(823): Illuminate\Database\Eloquent\Builder->__call('insertGetId', Array)
#9 C:\xampp\htdocs\forum\vendor\illuminate\database\Eloquent\Model.php(788): Illuminate\Database\Eloquent\Model->insertAndSetId(Object(Illuminate\Database\Eloquent\Builder), Array)
#10 C:\xampp\htdocs\forum\vendor\illuminate\database\Eloquent\Model.php(651): Illuminate\Database\Eloquent\Model->performInsert(Object(Illuminate\Database\Eloquent\Builder))
#11 C:\xampp\htdocs\forum\vendor\flarum\core\src\Post\Command\PostReplyHandler.php(105): Illuminate\Database\Eloquent\Model->save()
#12 C:\xampp\htdocs\forum\vendor\illuminate\bus\Dispatcher.php(90): Flarum\Post\Command\PostReplyHandler->handle(Object(Flarum\Post\Command\PostReply))
#13 C:\xampp\htdocs\forum\vendor\illuminate\pipeline\Pipeline.php(128): Illuminate\Bus\Dispatcher->Illuminate\Bus\{closure}(Object(Flarum\Post\Command\PostReply))
#14 C:\xampp\htdocs\forum\vendor\illuminate\pipeline\Pipeline.php(104): Illuminate\Pipeline\Pipeline->Illuminate\Pipeline\{closure}(Object(Flarum\Post\Command\PostReply))
#15 C:\xampp\htdocs\forum\vendor\illuminate\bus\Dispatcher.php(98): Illuminate\Pipeline\Pipeline->then(Object(Closure))
#16 C:\xampp\htdocs\forum\vendor\illuminate\bus\Dispatcher.php(76): Illuminate\Bus\Dispatcher->dispatchNow(Object(Flarum\Post\Command\PostReply))
#17 C:\xampp\htdocs\forum\vendor\flarum\core\src\Discussion\Command\StartDiscussionHandler.php(86): Illuminate\Bus\Dispatcher->dispatch(Object(Flarum\Post\Command\PostReply))
#18 C:\xampp\htdocs\forum\vendor\illuminate\bus\Dispatcher.php(90): Flarum\Discussion\Command\StartDiscussionHandler->handle(Object(Flarum\Discussion\Command\StartDiscussion))
#19 C:\xampp\htdocs\forum\vendor\illuminate\pipeline\Pipeline.php(128): Illuminate\Bus\Dispatcher->Illuminate\Bus\{closure}(Object(Flarum\Discussion\Command\StartDiscussion))
#20 C:\xampp\htdocs\forum\vendor\illuminate\pipeline\Pipeline.php(104): Illuminate\Pipeline\Pipeline->Illuminate\Pipeline\{closure}(Object(Flarum\Discussion\Command\StartDiscussion))
#21 C:\xampp\htdocs\forum\vendor\illuminate\bus\Dispatcher.php(98): Illuminate\Pipeline\Pipeline->then(Object(Closure))
#22 C:\xampp\htdocs\forum\vendor\illuminate\bus\Dispatcher.php(76): Illuminate\Bus\Dispatcher->dispatchNow(Object(Flarum\Discussion\Command\StartDiscussion))
#23 C:\xampp\htdocs\forum\vendor\flarum\core\src\Api\Controller\CreateDiscussionController.php(74): Illuminate\Bus\Dispatcher->dispatch(Object(Flarum\Discussion\Command\StartDiscussion))
#24 C:\xampp\htdocs\forum\vendor\flarum\core\src\Api\Controller\AbstractSerializeController.php(98): Flarum\Api\Controller\CreateDiscussionController->data(Object(Zend\Diactoros\ServerRequest), Object(Tobscure\JsonApi\Document))
#25 C:\xampp\htdocs\forum\vendor\flarum\core\src\Api\Controller\AbstractCreateController.php(24): Flarum\Api\Controller\AbstractSerializeController->handle(Object(Zend\Diactoros\ServerRequest))
#26 C:\xampp\htdocs\forum\vendor\flarum\core\src\Http\RouteHandlerFactory.php(40): Flarum\Api\Controller\AbstractCreateController->handle(Object(Zend\Diactoros\ServerRequest))
#27 C:\xampp\htdocs\forum\vendor\flarum\core\src\Http\Middleware\DispatchRoute.php(67): Flarum\Http\RouteHandlerFactory->Flarum\Http\{closure}(Object(Zend\Diactoros\ServerRequest), Array)
#28 C:\xampp\htdocs\forum\vendor\zendframework\zend-stratigility\src\Next.php(60): Flarum\Http\Middleware\DispatchRoute->process(Object(Zend\Diactoros\ServerRequest), Object(Closure))
#29 C:\xampp\htdocs\forum\vendor\flarum\core\src\Http\Middleware\SetLocale.php(52): Zend\Stratigility\Next->handle(Object(Zend\Diactoros\ServerRequest))
#30 C:\xampp\htdocs\forum\vendor\zendframework\zend-stratigility\src\Next.php(60): Flarum\Http\Middleware\SetLocale->process(Object(Zend\Diactoros\ServerRequest), Object(Zend\Stratigility\Next))
#31 C:\xampp\htdocs\forum\vendor\flarum\core\src\Http\Middleware\CheckCsrfToken.php(33): Zend\Stratigility\Next->handle(Object(Zend\Diactoros\ServerRequest))
#32 C:\xampp\htdocs\forum\vendor\zendframework\zend-stratigility\src\Next.php(60): Flarum\Http\Middleware\CheckCsrfToken->process(Object(Zend\Diactoros\ServerRequest), Object(Zend\Stratigility\Next))
#33 C:\xampp\htdocs\forum\vendor\flarum\core\src\Http\Middleware\AuthenticateWithHeader.php(57): Zend\Stratigility\Next->handle(Object(Zend\Diactoros\ServerRequest))
#34 C:\xampp\htdocs\forum\vendor\zendframework\zend-stratigility\src\Next.php(60): Flarum\Http\Middleware\AuthenticateWithHeader->process(Object(Zend\Diactoros\ServerRequest), Object(Zend\Stratigility\Next))
#35 C:\xampp\htdocs\forum\vendor\flarum\core\src\Http\Middleware\AuthenticateWithSession.php(34): Zend\Stratigility\Next->handle(Object(Zend\Diactoros\ServerRequest))
#36 C:\xampp\htdocs\forum\vendor\zendframework\zend-stratigility\src\Next.php(60): Flarum\Http\Middleware\AuthenticateWithSession->process(Object(Zend\Diactoros\ServerRequest), Object(Zend\Stratigility\Next))
#37 C:\xampp\htdocs\forum\vendor\flarum\core\src\Http\Middleware\RememberFromCookie.php(53): Zend\Stratigility\Next->handle(Object(Zend\Diactoros\ServerRequest))
#38 C:\xampp\htdocs\forum\vendor\zendframework\zend-stratigility\src\Next.php(60): Flarum\Http\Middleware\RememberFromCookie->process(Object(Zend\Diactoros\ServerRequest), Object(Zend\Stratigility\Next))
#39 C:\xampp\htdocs\forum\vendor\flarum\core\src\Http\Middleware\StartSession.php(63): Zend\Stratigility\Next->handle(Object(Zend\Diactoros\ServerRequest))
#40 C:\xampp\htdocs\forum\vendor\zendframework\zend-stratigility\src\Next.php(60): Flarum\Http\Middleware\StartSession->process(Object(Zend\Diactoros\ServerRequest), Object(Zend\Stratigility\Next))
#41 C:\xampp\htdocs\forum\vendor\flarum\core\src\Api\Middleware\FakeHttpMethods.php(31): Zend\Stratigility\Next->handle(Object(Zend\Diactoros\ServerRequest))
#42 C:\xampp\htdocs\forum\vendor\zendframework\zend-stratigility\src\Next.php(60): Flarum\Api\Middleware\FakeHttpMethods->process(Object(Zend\Diactoros\ServerRequest), Object(Zend\Stratigility\Next))
#43 C:\xampp\htdocs\forum\vendor\flarum\core\src\Http\Middleware\ParseJsonBody.php(30): Zend\Stratigility\Next->handle(Object(Zend\Diactoros\ServerRequest))
#44 C:\xampp\htdocs\forum\vendor\zendframework\zend-stratigility\src\Next.php(60): Flarum\Http\Middleware\ParseJsonBody->process(Object(Zend\Diactoros\ServerRequest), Object(Zend\Stratigility\Next))
#45 C:\xampp\htdocs\forum\vendor\flarum\core\src\Http\Middleware\HandleErrors.php(59): Zend\Stratigility\Next->handle(Object(Zend\Diactoros\ServerRequest))
#46 C:\xampp\htdocs\forum\vendor\zendframework\zend-stratigility\src\Next.php(60): Flarum\Http\Middleware\HandleErrors->process(Object(Zend\Diactoros\ServerRequest), Object(Zend\Stratigility\Next))
#47 C:\xampp\htdocs\forum\vendor\zendframework\zend-stratigility\src\MiddlewarePipe.php(83): Zend\Stratigility\Next->handle(Object(Zend\Diactoros\ServerRequest))
#48 C:\xampp\htdocs\forum\vendor\middlewares\request-handler\src\RequestHandler.php(84): Zend\Stratigility\MiddlewarePipe->process(Object(Zend\Diactoros\ServerRequest), Object(Zend\Stratigility\Next))
#49 C:\xampp\htdocs\forum\vendor\zendframework\zend-stratigility\src\Next.php(60): Middlewares\RequestHandler->process(Object(Zend\Diactoros\ServerRequest), Object(Zend\Stratigility\Next))
#50 C:\xampp\htdocs\forum\vendor\middlewares\base-path-router\src\BasePathRouter.php(97): Zend\Stratigility\Next->handle(Object(Zend\Diactoros\ServerRequest))
#51 C:\xampp\htdocs\forum\vendor\zendframework\zend-stratigility\src\Next.php(60): Middlewares\BasePathRouter->process(Object(Zend\Diactoros\ServerRequest), Object(Zend\Stratigility\Next))
#52 C:\xampp\htdocs\forum\vendor\zendframework\zend-stratigility\src\Middleware\OriginalMessages.php(41): Zend\Stratigility\Next->handle(Object(Zend\Diactoros\ServerRequest))
#53 C:\xampp\htdocs\forum\vendor\zendframework\zend-stratigility\src\Next.php(60): Zend\Stratigility\Middleware\OriginalMessages->process(Object(Zend\Diactoros\ServerRequest), Object(Zend\Stratigility\Next))
#54 C:\xampp\htdocs\forum\vendor\middlewares\base-path\src\BasePath.php(53): Zend\Stratigility\Next->handle(Object(Zend\Diactoros\ServerRequest))
#55 C:\xampp\htdocs\forum\vendor\zendframework\zend-stratigility\src\Next.php(60): Middlewares\BasePath->process(Object(Zend\Diactoros\ServerRequest), Object(Zend\Stratigility\Next))
#56 C:\xampp\htdocs\forum\vendor\zendframework\zend-stratigility\src\MiddlewarePipe.php(83): Zend\Stratigility\Next->handle(Object(Zend\Diactoros\ServerRequest))
#57 C:\xampp\htdocs\forum\vendor\zendframework\zend-stratigility\src\MiddlewarePipe.php(72): Zend\Stratigility\MiddlewarePipe->process(Object(Zend\Diactoros\ServerRequest), Object(Zend\Stratigility\EmptyPipelineHandler))
#58 C:\xampp\htdocs\forum\vendor\zendframework\zend-httphandlerrunner\src\RequestHandlerRunner.php(95): Zend\Stratigility\MiddlewarePipe->handle(Object(Zend\Diactoros\ServerRequest))
#59 C:\xampp\htdocs\forum\vendor\flarum\core\src\Http\Server.php(46): Zend\HttpHandlerRunner\RequestHandlerRunner->run()
#60 C:\xampp\htdocs\forum\public\index.php(22): Flarum\Http\Server->listen()
#61 {main}

Next Illuminate\Database\QueryException: SQLSTATE[23000]: Integrity constraint violation: 1062 Duplicate entry '3-1' for key 'db_posts_discussion_id_number_unique' (SQL: insert into `db_posts` (`created_at`, `discussion_id`, `user_id`, `type`, `ip_address`, `content`, `is_private`, `number`) values (2019-12-01 12:47:38, 3, 7, comment, ::1, <t><p>Saya hanya nyoba2</p></t>, 0, 1)) in C:\xampp\htdocs\forum\vendor\illuminate\database\Connection.php:664
Stack trace:
#0 C:\xampp\htdocs\forum\vendor\illuminate\database\Connection.php(624): Illuminate\Database\Connection->runQueryCallback('insert into `db...', Array, Object(Closure))
#1 C:\xampp\htdocs\forum\vendor\illuminate\database\Connection.php(459): Illuminate\Database\Connection->run('insert into `db...', Array, Object(Closure))
#2 C:\xampp\htdocs\forum\vendor\illuminate\database\Connection.php(411): Illuminate\Database\Connection->statement('insert into `db...', Array)
#3 C:\xampp\htdocs\forum\vendor\illuminate\database\Query\Processors\Processor.php(32): Illuminate\Database\Connection->insert('insert into `db...', Array)
#4 C:\xampp\htdocs\forum\vendor\illuminate\database\Query\Builder.php(2628): Illuminate\Database\Query\Processors\Processor->processInsertGetId(Object(Illuminate\Database\Query\Builder), 'insert into `db...', Array, 'id')
#5 C:\xampp\htdocs\forum\vendor\illuminate\database\Eloquent\Builder.php(1338): Illuminate\Database\Query\Builder->insertGetId(Array, 'id')
#6 C:\xampp\htdocs\forum\vendor\illuminate\database\Eloquent\Model.php(823): Illuminate\Database\Eloquent\Builder->__call('insertGetId', Array)
#7 C:\xampp\htdocs\forum\vendor\illuminate\database\Eloquent\Model.php(788): Illuminate\Database\Eloquent\Model->insertAndSetId(Object(Illuminate\Database\Eloquent\Builder), Array)
#8 C:\xampp\htdocs\forum\vendor\illuminate\database\Eloquent\Model.php(651): Illuminate\Database\Eloquent\Model->performInsert(Object(Illuminate\Database\Eloquent\Builder))
#9 C:\xampp\htdocs\forum\vendor\flarum\core\src\Post\Command\PostReplyHandler.php(105): Illuminate\Database\Eloquent\Model->save()
#10 C:\xampp\htdocs\forum\vendor\illuminate\bus\Dispatcher.php(90): Flarum\Post\Command\PostReplyHandler->handle(Object(Flarum\Post\Command\PostReply))
#11 C:\xampp\htdocs\forum\vendor\illuminate\pipeline\Pipeline.php(128): Illuminate\Bus\Dispatcher->Illuminate\Bus\{closure}(Object(Flarum\Post\Command\PostReply))
#12 C:\xampp\htdocs\forum\vendor\illuminate\pipeline\Pipeline.php(104): Illuminate\Pipeline\Pipeline->Illuminate\Pipeline\{closure}(Object(Flarum\Post\Command\PostReply))
#13 C:\xampp\htdocs\forum\vendor\illuminate\bus\Dispatcher.php(98): Illuminate\Pipeline\Pipeline->then(Object(Closure))
#14 C:\xampp\htdocs\forum\vendor\illuminate\bus\Dispatcher.php(76): Illuminate\Bus\Dispatcher->dispatchNow(Object(Flarum\Post\Command\PostReply))
#15 C:\xampp\htdocs\forum\vendor\flarum\core\src\Discussion\Command\StartDiscussionHandler.php(86): Illuminate\Bus\Dispatcher->dispatch(Object(Flarum\Post\Command\PostReply))
#16 C:\xampp\htdocs\forum\vendor\illuminate\bus\Dispatcher.php(90): Flarum\Discussion\Command\StartDiscussionHandler->handle(Object(Flarum\Discussion\Command\StartDiscussion))
#17 C:\xampp\htdocs\forum\vendor\illuminate\pipeline\Pipeline.php(128): Illuminate\Bus\Dispatcher->Illuminate\Bus\{closure}(Object(Flarum\Discussion\Command\StartDiscussion))
#18 C:\xampp\htdocs\forum\vendor\illuminate\pipeline\Pipeline.php(104): Illuminate\Pipeline\Pipeline->Illuminate\Pipeline\{closure}(Object(Flarum\Discussion\Command\StartDiscussion))
#19 C:\xampp\htdocs\forum\vendor\illuminate\bus\Dispatcher.php(98): Illuminate\Pipeline\Pipeline->then(Object(Closure))
#20 C:\xampp\htdocs\forum\vendor\illuminate\bus\Dispatcher.php(76): Illuminate\Bus\Dispatcher->dispatchNow(Object(Flarum\Discussion\Command\StartDiscussion))
#21 C:\xampp\htdocs\forum\vendor\flarum\core\src\Api\Controller\CreateDiscussionController.php(74): Illuminate\Bus\Dispatcher->dispatch(Object(Flarum\Discussion\Command\StartDiscussion))
#22 C:\xampp\htdocs\forum\vendor\flarum\core\src\Api\Controller\AbstractSerializeController.php(98): Flarum\Api\Controller\CreateDiscussionController->data(Object(Zend\Diactoros\ServerRequest), Object(Tobscure\JsonApi\Document))
#23 C:\xampp\htdocs\forum\vendor\flarum\core\src\Api\Controller\AbstractCreateController.php(24): Flarum\Api\Controller\AbstractSerializeController->handle(Object(Zend\Diactoros\ServerRequest))
#24 C:\xampp\htdocs\forum\vendor\flarum\core\src\Http\RouteHandlerFactory.php(40): Flarum\Api\Controller\AbstractCreateController->handle(Object(Zend\Diactoros\ServerRequest))
#25 C:\xampp\htdocs\forum\vendor\flarum\core\src\Http\Middleware\DispatchRoute.php(67): Flarum\Http\RouteHandlerFactory->Flarum\Http\{closure}(Object(Zend\Diactoros\ServerRequest), Array)
#26 C:\xampp\htdocs\forum\vendor\zendframework\zend-stratigility\src\Next.php(60): Flarum\Http\Middleware\DispatchRoute->process(Object(Zend\Diactoros\ServerRequest), Object(Closure))
#27 C:\xampp\htdocs\forum\vendor\flarum\core\src\Http\Middleware\SetLocale.php(52): Zend\Stratigility\Next->handle(Object(Zend\Diactoros\ServerRequest))
#28 C:\xampp\htdocs\forum\vendor\zendframework\zend-stratigility\src\Next.php(60): Flarum\Http\Middleware\SetLocale->process(Object(Zend\Diactoros\ServerRequest), Object(Zend\Stratigility\Next))
#29 C:\xampp\htdocs\forum\vendor\flarum\core\src\Http\Middleware\CheckCsrfToken.php(33): Zend\Stratigility\Next->handle(Object(Zend\Diactoros\ServerRequest))
#30 C:\xampp\htdocs\forum\vendor\zendframework\zend-stratigility\src\Next.php(60): Flarum\Http\Middleware\CheckCsrfToken->process(Object(Zend\Diactoros\ServerRequest), Object(Zend\Stratigility\Next))
#31 C:\xampp\htdocs\forum\vendor\flarum\core\src\Http\Middleware\AuthenticateWithHeader.php(57): Zend\Stratigility\Next->handle(Object(Zend\Diactoros\ServerRequest))
#32 C:\xampp\htdocs\forum\vendor\zendframework\zend-stratigility\src\Next.php(60): Flarum\Http\Middleware\AuthenticateWithHeader->process(Object(Zend\Diactoros\ServerRequest), Object(Zend\Stratigility\Next))
#33 C:\xampp\htdocs\forum\vendor\flarum\core\src\Http\Middleware\AuthenticateWithSession.php(34): Zend\Stratigility\Next->handle(Object(Zend\Diactoros\ServerRequest))
#34 C:\xampp\htdocs\forum\vendor\zendframework\zend-stratigility\src\Next.php(60): Flarum\Http\Middleware\AuthenticateWithSession->process(Object(Zend\Diactoros\ServerRequest), Object(Zend\Stratigility\Next))
#35 C:\xampp\htdocs\forum\vendor\flarum\core\src\Http\Middleware\RememberFromCookie.php(53): Zend\Stratigility\Next->handle(Object(Zend\Diactoros\ServerRequest))
#36 C:\xampp\htdocs\forum\vendor\zendframework\zend-stratigility\src\Next.php(60): Flarum\Http\Middleware\RememberFromCookie->process(Object(Zend\Diactoros\ServerRequest), Object(Zend\Stratigility\Next))
#37 C:\xampp\htdocs\forum\vendor\flarum\core\src\Http\Middleware\StartSession.php(63): Zend\Stratigility\Next->handle(Object(Zend\Diactoros\ServerRequest))
#38 C:\xampp\htdocs\forum\vendor\zendframework\zend-stratigility\src\Next.php(60): Flarum\Http\Middleware\StartSession->process(Object(Zend\Diactoros\ServerRequest), Object(Zend\Stratigility\Next))
#39 C:\xampp\htdocs\forum\vendor\flarum\core\src\Api\Middleware\FakeHttpMethods.php(31): Zend\Stratigility\Next->handle(Object(Zend\Diactoros\ServerRequest))
#40 C:\xampp\htdocs\forum\vendor\zendframework\zend-stratigility\src\Next.php(60): Flarum\Api\Middleware\FakeHttpMethods->process(Object(Zend\Diactoros\ServerRequest), Object(Zend\Stratigility\Next))
#41 C:\xampp\htdocs\forum\vendor\flarum\core\src\Http\Middleware\ParseJsonBody.php(30): Zend\Stratigility\Next->handle(Object(Zend\Diactoros\ServerRequest))
#42 C:\xampp\htdocs\forum\vendor\zendframework\zend-stratigility\src\Next.php(60): Flarum\Http\Middleware\ParseJsonBody->process(Object(Zend\Diactoros\ServerRequest), Object(Zend\Stratigility\Next))
#43 C:\xampp\htdocs\forum\vendor\flarum\core\src\Http\Middleware\HandleErrors.php(59): Zend\Stratigility\Next->handle(Object(Zend\Diactoros\ServerRequest))
#44 C:\xampp\htdocs\forum\vendor\zendframework\zend-stratigility\src\Next.php(60): Flarum\Http\Middleware\HandleErrors->process(Object(Zend\Diactoros\ServerRequest), Object(Zend\Stratigility\Next))
#45 C:\xampp\htdocs\forum\vendor\zendframework\zend-stratigility\src\MiddlewarePipe.php(83): Zend\Stratigility\Next->handle(Object(Zend\Diactoros\ServerRequest))
#46 C:\xampp\htdocs\forum\vendor\middlewares\request-handler\src\RequestHandler.php(84): Zend\Stratigility\MiddlewarePipe->process(Object(Zend\Diactoros\ServerRequest), Object(Zend\Stratigility\Next))
#47 C:\xampp\htdocs\forum\vendor\zendframework\zend-stratigility\src\Next.php(60): Middlewares\RequestHandler->process(Object(Zend\Diactoros\ServerRequest), Object(Zend\Stratigility\Next))
#48 C:\xampp\htdocs\forum\vendor\middlewares\base-path-router\src\BasePathRouter.php(97): Zend\Stratigility\Next->handle(Object(Zend\Diactoros\ServerRequest))
#49 C:\xampp\htdocs\forum\vendor\zendframework\zend-stratigility\src\Next.php(60): Middlewares\BasePathRouter->process(Object(Zend\Diactoros\ServerRequest), Object(Zend\Stratigility\Next))
#50 C:\xampp\htdocs\forum\vendor\zendframework\zend-stratigility\src\Middleware\OriginalMessages.php(41): Zend\Stratigility\Next->handle(Object(Zend\Diactoros\ServerRequest))
#51 C:\xampp\htdocs\forum\vendor\zendframework\zend-stratigility\src\Next.php(60): Zend\Stratigility\Middleware\OriginalMessages->process(Object(Zend\Diactoros\ServerRequest), Object(Zend\Stratigility\Next))
#52 C:\xampp\htdocs\forum\vendor\middlewares\base-path\src\BasePath.php(53): Zend\Stratigility\Next->handle(Object(Zend\Diactoros\ServerRequest))
#53 C:\xampp\htdocs\forum\vendor\zendframework\zend-stratigility\src\Next.php(60): Middlewares\BasePath->process(Object(Zend\Diactoros\ServerRequest), Object(Zend\Stratigility\Next))
#54 C:\xampp\htdocs\forum\vendor\zendframework\zend-stratigility\src\MiddlewarePipe.php(83): Zend\Stratigility\Next->handle(Object(Zend\Diactoros\ServerRequest))
#55 C:\xampp\htdocs\forum\vendor\zendframework\zend-stratigility\src\MiddlewarePipe.php(72): Zend\Stratigility\MiddlewarePipe->process(Object(Zend\Diactoros\ServerRequest), Object(Zend\Stratigility\EmptyPipelineHandler))
#56 C:\xampp\htdocs\forum\vendor\zendframework\zend-httphandlerrunner\src\RequestHandlerRunner.php(95): Zend\Stratigility\MiddlewarePipe->handle(Object(Zend\Diactoros\ServerRequest))
#57 C:\xampp\htdocs\forum\vendor\flarum\core\src\Http\Server.php(46): Zend\HttpHandlerRunner\RequestHandlerRunner->run()
#58 C:\xampp\htdocs\forum\public\index.php(22): Flarum\Http\Server->listen()
#59 {main}  
